Printing net...
RetinaFace(
  (body): IntermediateLayerGetter(
    (stage1): Sequential(
      (0): Sequential(
        (0): Conv2d(3, 8, kernel_size=(3, 3), stride=(2, 2), padding=(1, 1), bias=False)
        (1): BatchNorm2d(8, eps=1e-05, momentum=0.1, affine=True, track_running_stats=True)
        (2): LeakyReLU(negative_slope=0.1, inplace=True)
      )
      (1): Sequential(
        (0): Conv2d(8, 8, kernel_size=(3, 3), stride=(1, 1), padding=(1, 1), groups=8, bias=False)
        (1): BatchNorm2d(8, eps=1e-05, momentum=0.1, affine=True, track_running_stats=True)
        (2): LeakyReLU(negative_slope=0.1, inplace=True)
        (3): Conv2d(8, 16, kernel_size=(1, 1), stride=(1, 1), bias=False)
        (4): BatchNorm2d(16, eps=1e-05, momentum=0.1, affine=True, track_running_stats=True)
        (5): LeakyReLU(negative_slope=0.1, inplace=True)
      )
      (2): Sequential(
        (0): Conv2d(16, 16, kernel_size=(3, 3), stride=(2, 2), padding=(1, 1), groups=16, bias=False)
        (1): BatchNorm2d(16, eps=1e-05, momentum=0.1, affine=True, track_running_stats=True)
        (2): LeakyReLU(negative_slope=0.1, inplace=True)
        (3): Conv2d(16, 32, kernel_size=(1, 1), stride=(1, 1), bias=False)
        (4): BatchNorm2d(32, eps=1e-05, momentum=0.1, affine=True, track_running_stats=True)
        (5): LeakyReLU(negative_slope=0.1, inplace=True)
      )
      (3): Sequential(
        (0): Conv2d(32, 32, kernel_size=(3, 3), stride=(1, 1), padding=(1, 1), groups=32, bias=False)
        (1): BatchNorm2d(32, eps=1e-05, momentum=0.1, affine=True, track_running_stats=True)
        (2): LeakyReLU(negative_slope=0.1, inplace=True)
        (3): Conv2d(32, 32, kernel_size=(1, 1), stride=(1, 1), bias=False)
        (4): BatchNorm2d(32, eps=1e-05, momentum=0.1, affine=True, track_running_stats=True)
        (5): LeakyReLU(negative_slope=0.1, inplace=True)
      )
      (4): Sequential(
        (0): Conv2d(32, 32, kernel_size=(3, 3), stride=(2, 2), padding=(1, 1), groups=32, bias=False)
        (1): BatchNorm2d(32, eps=1e-05, momentum=0.1, affine=True, track_running_stats=True)
        (2): LeakyReLU(negative_slope=0.1, inplace=True)
        (3): Conv2d(32, 64, kernel_size=(1, 1), stride=(1, 1), bias=False)
        (4): BatchNorm2d(64, eps=1e-05, momentum=0.1, affine=True, track_running_stats=True)
        (5): LeakyReLU(negative_slope=0.1, inplace=True)
      )
      (5): Sequential(
        (0): Conv2d(64, 64, kernel_size=(3, 3), stride=(1, 1), padding=(1, 1), groups=64, bias=False)
        (1): BatchNorm2d(64, eps=1e-05, momentum=0.1, affine=True, track_running_stats=True)
        (2): LeakyReLU(negative_slope=0.1, inplace=True)
        (3): Conv2d(64, 64, kernel_size=(1, 1), stride=(1, 1), bias=False)
        (4): BatchNorm2d(64, eps=1e-05, momentum=0.1, affine=True, track_running_stats=True)
        (5): LeakyReLU(negative_slope=0.1, inplace=True)
      )
    )
    (stage2): Sequential(
      (0): Sequential(
        (0): Conv2d(64, 64, kernel_size=(3, 3), stride=(2, 2), padding=(1, 1), groups=64, bias=False)
        (1): BatchNorm2d(64, eps=1e-05, momentum=0.1, affine=True, track_running_stats=True)
        (2): LeakyReLU(negative_slope=0.1, inplace=True)
        (3): Conv2d(64, 128, kernel_size=(1, 1), stride=(1, 1), bias=False)
        (4): BatchNorm2d(128, eps=1e-05, momentum=0.1, affine=True, track_running_stats=True)
        (5): LeakyReLU(negative_slope=0.1, inplace=True)
      )
      (1): Sequential(
        (0): Conv2d(128, 128, kernel_size=(3, 3), stride=(1, 1), padding=(1, 1), groups=128, bias=False)
        (1): BatchNorm2d(128, eps=1e-05, momentum=0.1, affine=True, track_running_stats=True)
        (2): LeakyReLU(negative_slope=0.1, inplace=True)
        (3): Conv2d(128, 128, kernel_size=(1, 1), stride=(1, 1), bias=False)
        (4): BatchNorm2d(128, eps=1e-05, momentum=0.1, affine=True, track_running_stats=True)
        (5): LeakyReLU(negative_slope=0.1, inplace=True)
      )
      (2): Sequential(
        (0): Conv2d(128, 128, kernel_size=(3, 3), stride=(1, 1), padding=(1, 1), groups=128, bias=False)
        (1): BatchNorm2d(128, eps=1e-05, momentum=0.1, affine=True, track_running_stats=True)
        (2): LeakyReLU(negative_slope=0.1, inplace=True)
        (3): Conv2d(128, 128, kernel_size=(1, 1), stride=(1, 1), bias=False)
        (4): BatchNorm2d(128, eps=1e-05, momentum=0.1, affine=True, track_running_stats=True)
        (5): LeakyReLU(negative_slope=0.1, inplace=True)
      )
      (3): Sequential(
        (0): Conv2d(128, 128, kernel_size=(3, 3), stride=(1, 1), padding=(1, 1), groups=128, bias=False)
        (1): BatchNorm2d(128, eps=1e-05, momentum=0.1, affine=True, track_running_stats=True)
        (2): LeakyReLU(negative_slope=0.1, inplace=True)
        (3): Conv2d(128, 128, kernel_size=(1, 1), stride=(1, 1), bias=False)
        (4): BatchNorm2d(128, eps=1e-05, momentum=0.1, affine=True, track_running_stats=True)
        (5): LeakyReLU(negative_slope=0.1, inplace=True)
      )
      (4): Sequential(
        (0): Conv2d(128, 128, kernel_size=(3, 3), stride=(1, 1), padding=(1, 1), groups=128, bias=False)
        (1): BatchNorm2d(128, eps=1e-05, momentum=0.1, affine=True, track_running_stats=True)
        (2): LeakyReLU(negative_slope=0.1, inplace=True)
        (3): Conv2d(128, 128, kernel_size=(1, 1), stride=(1, 1), bias=False)
        (4): BatchNorm2d(128, eps=1e-05, momentum=0.1, affine=True, track_running_stats=True)
        (5): LeakyReLU(negative_slope=0.1, inplace=True)
      )
      (5): Sequential(
        (0): Conv2d(128, 128, kernel_size=(3, 3), stride=(1, 1), padding=(1, 1), groups=128, bias=False)
        (1): BatchNorm2d(128, eps=1e-05, momentum=0.1, affine=True, track_running_stats=True)
        (2): LeakyReLU(negative_slope=0.1, inplace=True)
        (3): Conv2d(128, 128, kernel_size=(1, 1), stride=(1, 1), bias=False)
        (4): BatchNorm2d(128, eps=1e-05, momentum=0.1, affine=True, track_running_stats=True)
        (5): LeakyReLU(negative_slope=0.1, inplace=True)
      )
    )
    (stage3): Sequential(
      (0): Sequential(
        (0): Conv2d(128, 128, kernel_size=(3, 3), stride=(2, 2), padding=(1, 1), groups=128, bias=False)
        (1): BatchNorm2d(128, eps=1e-05, momentum=0.1, affine=True, track_running_stats=True)
        (2): LeakyReLU(negative_slope=0.1, inplace=True)
        (3): Conv2d(128, 256, kernel_size=(1, 1), stride=(1, 1), bias=False)
        (4): BatchNorm2d(256, eps=1e-05, momentum=0.1, affine=True, track_running_stats=True)
        (5): LeakyReLU(negative_slope=0.1, inplace=True)
      )
      (1): Sequential(
        (0): Conv2d(256, 256, kernel_size=(3, 3), stride=(1, 1), padding=(1, 1), groups=256, bias=False)
        (1): BatchNorm2d(256, eps=1e-05, momentum=0.1, affine=True, track_running_stats=True)
        (2): LeakyReLU(negative_slope=0.1, inplace=True)
        (3): Conv2d(256, 256, kernel_size=(1, 1), stride=(1, 1), bias=False)
        (4): BatchNorm2d(256, eps=1e-05, momentum=0.1, affine=True, track_running_stats=True)
        (5): LeakyReLU(negative_slope=0.1, inplace=True)
      )
    )
  )
  (fpn): FPN(
    (output1): Sequential(
      (0): Conv2d(64, 64, kernel_size=(1, 1), stride=(1, 1), bias=False)
      (1): BatchNorm2d(64, eps=1e-05, momentum=0.1, affine=True, track_running_stats=True)
      (2): LeakyReLU(negative_slope=0.1, inplace=True)
    )
    (output2): Sequential(
      (0): Conv2d(128, 64, kernel_size=(1, 1), stride=(1, 1), bias=False)
      (1): BatchNorm2d(64, eps=1e-05, momentum=0.1, affine=True, track_running_stats=True)
      (2): LeakyReLU(negative_slope=0.1, inplace=True)
    )
    (output3): Sequential(
      (0): Conv2d(256, 64, kernel_size=(1, 1), stride=(1, 1), bias=False)
      (1): BatchNorm2d(64, eps=1e-05, momentum=0.1, affine=True, track_running_stats=True)
      (2): LeakyReLU(negative_slope=0.1, inplace=True)
    )
    (merge1): Sequential(
      (0): Conv2d(64, 64, kernel_size=(3, 3), stride=(1, 1), padding=(1, 1), bias=False)
      (1): BatchNorm2d(64, eps=1e-05, momentum=0.1, affine=True, track_running_stats=True)
      (2): LeakyReLU(negative_slope=0.1, inplace=True)
    )
    (merge2): Sequential(
      (0): Conv2d(64, 64, kernel_size=(3, 3), stride=(1, 1), padding=(1, 1), bias=False)
      (1): BatchNorm2d(64, eps=1e-05, momentum=0.1, affine=True, track_running_stats=True)
      (2): LeakyReLU(negative_slope=0.1, inplace=True)
    )
  )
  (ssh1): SSH(
    (conv3X3): Sequential(
      (0): Conv2d(64, 32, kernel_size=(3, 3), stride=(1, 1), padding=(1, 1), bias=False)
      (1): BatchNorm2d(32, eps=1e-05, momentum=0.1, affine=True, track_running_stats=True)
    )
    (conv5X5_1): Sequential(
      (0): Conv2d(64, 16, kernel_size=(3, 3), stride=(1, 1), padding=(1, 1), bias=False)
      (1): BatchNorm2d(16, eps=1e-05, momentum=0.1, affine=True, track_running_stats=True)
      (2): LeakyReLU(negative_slope=0.1, inplace=True)
    )
    (conv5X5_2): Sequential(
      (0): Conv2d(16, 16, kernel_size=(3, 3), stride=(1, 1), padding=(1, 1), bias=False)
      (1): BatchNorm2d(16, eps=1e-05, momentum=0.1, affine=True, track_running_stats=True)
    )
    (conv7X7_2): Sequential(
      (0): Conv2d(16, 16, kernel_size=(3, 3), stride=(1, 1), padding=(1, 1), bias=False)
      (1): BatchNorm2d(16, eps=1e-05, momentum=0.1, affine=True, track_running_stats=True)
      (2): LeakyReLU(negative_slope=0.1, inplace=True)
    )
    (conv7x7_3): Sequential(
      (0): Conv2d(16, 16, kernel_size=(3, 3), stride=(1, 1), padding=(1, 1), bias=False)
      (1): BatchNorm2d(16, eps=1e-05, momentum=0.1, affine=True, track_running_stats=True)
    )
  )
  (ssh2): SSH(
    (conv3X3): Sequential(
      (0): Conv2d(64, 32, kernel_size=(3, 3), stride=(1, 1), padding=(1, 1), bias=False)
      (1): BatchNorm2d(32, eps=1e-05, momentum=0.1, affine=True, track_running_stats=True)
    )
    (conv5X5_1): Sequential(
      (0): Conv2d(64, 16, kernel_size=(3, 3), stride=(1, 1), padding=(1, 1), bias=False)
      (1): BatchNorm2d(16, eps=1e-05, momentum=0.1, affine=True, track_running_stats=True)
      (2): LeakyReLU(negative_slope=0.1, inplace=True)
    )
    (conv5X5_2): Sequential(
      (0): Conv2d(16, 16, kernel_size=(3, 3), stride=(1, 1), padding=(1, 1), bias=False)
      (1): BatchNorm2d(16, eps=1e-05, momentum=0.1, affine=True, track_running_stats=True)
    )
    (conv7X7_2): Sequential(
      (0): Conv2d(16, 16, kernel_size=(3, 3), stride=(1, 1), padding=(1, 1), bias=False)
      (1): BatchNorm2d(16, eps=1e-05, momentum=0.1, affine=True, track_running_stats=True)
      (2): LeakyReLU(negative_slope=0.1, inplace=True)
    )
    (conv7x7_3): Sequential(
      (0): Conv2d(16, 16, kernel_size=(3, 3), stride=(1, 1), padding=(1, 1), bias=False)
      (1): BatchNorm2d(16, eps=1e-05, momentum=0.1, affine=True, track_running_stats=True)
    )
  )
  (ssh3): SSH(
    (conv3X3): Sequential(
      (0): Conv2d(64, 32, kernel_size=(3, 3), stride=(1, 1), padding=(1, 1), bias=False)
      (1): BatchNorm2d(32, eps=1e-05, momentum=0.1, affine=True, track_running_stats=True)
    )
    (conv5X5_1): Sequential(
      (0): Conv2d(64, 16, kernel_size=(3, 3), stride=(1, 1), padding=(1, 1), bias=False)
      (1): BatchNorm2d(16, eps=1e-05, momentum=0.1, affine=True, track_running_stats=True)
      (2): LeakyReLU(negative_slope=0.1, inplace=True)
    )
    (conv5X5_2): Sequential(
      (0): Conv2d(16, 16, kernel_size=(3, 3), stride=(1, 1), padding=(1, 1), bias=False)
      (1): BatchNorm2d(16, eps=1e-05, momentum=0.1, affine=True, track_running_stats=True)
    )
    (conv7X7_2): Sequential(
      (0): Conv2d(16, 16, kernel_size=(3, 3), stride=(1, 1), padding=(1, 1), bias=False)
      (1): BatchNorm2d(16, eps=1e-05, momentum=0.1, affine=True, track_running_stats=True)
      (2): LeakyReLU(negative_slope=0.1, inplace=True)
    )
    (conv7x7_3): Sequential(
      (0): Conv2d(16, 16, kernel_size=(3, 3), stride=(1, 1), padding=(1, 1), bias=False)
      (1): BatchNorm2d(16, eps=1e-05, momentum=0.1, affine=True, track_running_stats=True)
    )
  )
  (ClassHead): ModuleList(
    (0): ClassHead(
      (conv1x1): Conv2d(64, 4, kernel_size=(1, 1), stride=(1, 1))
    )
    (1): ClassHead(
      (conv1x1): Conv2d(64, 4, kernel_size=(1, 1), stride=(1, 1))
    )
    (2): ClassHead(
      (conv1x1): Conv2d(64, 4, kernel_size=(1, 1), stride=(1, 1))
    )
  )
  (BboxHead): ModuleList(
    (0): BboxHead(
      (conv1x1): Conv2d(64, 8, kernel_size=(1, 1), stride=(1, 1))
    )
    (1): BboxHead(
      (conv1x1): Conv2d(64, 8, kernel_size=(1, 1), stride=(1, 1))
    )
    (2): BboxHead(
      (conv1x1): Conv2d(64, 8, kernel_size=(1, 1), stride=(1, 1))
    )
  )
  (LandmarkHead): ModuleList(
    (0): LandmarkHead(
      (conv1x1): Conv2d(64, 20, kernel_size=(1, 1), stride=(1, 1))
    )
    (1): LandmarkHead(
      (conv1x1): Conv2d(64, 20, kernel_size=(1, 1), stride=(1, 1))
    )
    (2): LandmarkHead(
      (conv1x1): Conv2d(64, 20, kernel_size=(1, 1), stride=(1, 1))
    )
  )
)
Loading resume network...
Loading Dataset...
Epoch:1/250 || Epochiter: 250/1250 || Iter: 250/312500 || Loc: 0.9468 Cla: 3.0403 Landm: 0.0000 || LR: 0.00100000 || Batchtime: 0.0784 s || ETA: 6:47:55
Epoch:1/250 || Epochiter: 500/1250 || Iter: 500/312500 || Loc: 0.5491 Cla: 1.4030 Landm: 0.0000 || LR: 0.00100000 || Batchtime: 0.0715 s || ETA: 6:11:46
Epoch:1/250 || Epochiter: 750/1250 || Iter: 750/312500 || Loc: 1.0553 Cla: 1.6946 Landm: 8.9032 || LR: 0.00100000 || Batchtime: 0.0746 s || ETA: 6:27:26
Epoch:1/250 || Epochiter: 1000/1250 || Iter: 1000/312500 || Loc: 1.0018 Cla: 2.0334 Landm: 4.4936 || LR: 0.00100000 || Batchtime: 0.0827 s || ETA: 7:09:32
Epoch:1/250 || Epochiter: 1250/1250 || Iter: 1250/312500 || Loc: 0.7306 Cla: 1.5821 Landm: 1.9923 || LR: 0.00100000 || Batchtime: 0.0557 s || ETA: 4:48:53
Epoch:2/250 || Epochiter: 250/1250 || Iter: 1500/312500 || Loc: 0.8430 Cla: 1.2990 Landm: 1.2709 || LR: 0.00100000 || Batchtime: 0.0749 s || ETA: 6:28:23
Epoch:2/250 || Epochiter: 500/1250 || Iter: 1750/312500 || Loc: 0.6041 Cla: 1.4252 Landm: 1.7905 || LR: 0.00100000 || Batchtime: 0.0631 s || ETA: 5:26:42
Epoch:2/250 || Epochiter: 750/1250 || Iter: 2000/312500 || Loc: 0.4276 Cla: 1.3167 Landm: 1.4100 || LR: 0.00100000 || Batchtime: 0.0645 s || ETA: 5:34:01
Epoch:2/250 || Epochiter: 1000/1250 || Iter: 2250/312500 || Loc: 0.9609 Cla: 2.2288 Landm: 4.2511 || LR: 0.00100000 || Batchtime: 0.0920 s || ETA: 7:55:55
Epoch:2/250 || Epochiter: 1250/1250 || Iter: 2500/312500 || Loc: 0.6675 Cla: 1.5425 Landm: 3.2735 || LR: 0.00100000 || Batchtime: 0.0776 s || ETA: 6:40:40
Epoch:3/250 || Epochiter: 250/1250 || Iter: 2750/312500 || Loc: 1.1091 Cla: 2.0112 Landm: 4.2339 || LR: 0.00100000 || Batchtime: 0.0548 s || ETA: 4:43:05
Epoch:3/250 || Epochiter: 500/1250 || Iter: 3000/312500 || Loc: 0.2766 Cla: 0.9345 Landm: 1.1732 || LR: 0.00100000 || Batchtime: 0.0729 s || ETA: 6:16:17
Epoch:3/250 || Epochiter: 750/1250 || Iter: 3250/312500 || Loc: 0.7794 Cla: 1.4628 Landm: 1.3815 || LR: 0.00100000 || Batchtime: 0.0903 s || ETA: 7:45:18
Epoch:3/250 || Epochiter: 1000/1250 || Iter: 3500/312500 || Loc: 0.5162 Cla: 1.1094 Landm: 0.8485 || LR: 0.00100000 || Batchtime: 0.0747 s || ETA: 6:24:53
Epoch:3/250 || Epochiter: 1250/1250 || Iter: 3750/312500 || Loc: 0.5933 Cla: 1.2461 Landm: 0.0000 || LR: 0.00100000 || Batchtime: 0.0584 s || ETA: 5:00:42
Epoch:4/250 || Epochiter: 250/1250 || Iter: 4000/312500 || Loc: 0.6579 Cla: 1.3891 Landm: 1.6441 || LR: 0.00100000 || Batchtime: 0.0817 s || ETA: 7:00:19
Epoch:4/250 || Epochiter: 500/1250 || Iter: 4250/312500 || Loc: 0.4865 Cla: 1.1520 Landm: 1.8048 || LR: 0.00100000 || Batchtime: 0.0667 s || ETA: 5:42:36
Epoch:4/250 || Epochiter: 750/1250 || Iter: 4500/312500 || Loc: 0.6667 Cla: 1.2053 Landm: 0.9344 || LR: 0.00100000 || Batchtime: 0.0782 s || ETA: 6:41:13
Epoch:4/250 || Epochiter: 1000/1250 || Iter: 4750/312500 || Loc: 0.8121 Cla: 0.9586 Landm: 1.0992 || LR: 0.00100000 || Batchtime: 0.0912 s || ETA: 7:47:38
Epoch:4/250 || Epochiter: 1250/1250 || Iter: 5000/312500 || Loc: 0.7431 Cla: 1.4181 Landm: 6.0078 || LR: 0.00100000 || Batchtime: 0.0630 s || ETA: 5:23:06
Epoch:5/250 || Epochiter: 250/1250 || Iter: 5250/312500 || Loc: 0.6377 Cla: 1.3251 Landm: 3.2828 || LR: 0.00100000 || Batchtime: 0.0708 s || ETA: 6:02:29
Epoch:5/250 || Epochiter: 500/1250 || Iter: 5500/312500 || Loc: 0.3281 Cla: 0.8741 Landm: 0.9605 || LR: 0.00100000 || Batchtime: 0.0833 s || ETA: 7:05:58
Epoch:5/250 || Epochiter: 750/1250 || Iter: 5750/312500 || Loc: 0.5341 Cla: 0.8222 Landm: 0.8355 || LR: 0.00100000 || Batchtime: 0.0739 s || ETA: 6:18:03
Epoch:5/250 || Epochiter: 1000/1250 || Iter: 6000/312500 || Loc: 0.5242 Cla: 0.8730 Landm: 4.6111 || LR: 0.00100000 || Batchtime: 0.0729 s || ETA: 6:12:28
Epoch:5/250 || Epochiter: 1250/1250 || Iter: 6250/312500 || Loc: 0.4968 Cla: 1.3123 Landm: 2.1169 || LR: 0.00100000 || Batchtime: 0.0585 s || ETA: 4:58:23
Epoch:6/250 || Epochiter: 250/1250 || Iter: 6500/312500 || Loc: 0.5567 Cla: 0.8832 Landm: 0.0000 || LR: 0.00100000 || Batchtime: 0.0664 s || ETA: 5:38:38
Epoch:6/250 || Epochiter: 500/1250 || Iter: 6750/312500 || Loc: 0.3183 Cla: 0.9071 Landm: 0.3672 || LR: 0.00100000 || Batchtime: 0.0737 s || ETA: 6:15:19
Epoch:6/250 || Epochiter: 750/1250 || Iter: 7000/312500 || Loc: 0.2503 Cla: 0.8714 Landm: 0.4039 || LR: 0.00100000 || Batchtime: 0.0697 s || ETA: 5:54:39
Epoch:6/250 || Epochiter: 1000/1250 || Iter: 7250/312500 || Loc: 0.4700 Cla: 0.8973 Landm: 1.0142 || LR: 0.00100000 || Batchtime: 0.0788 s || ETA: 6:40:55
Epoch:6/250 || Epochiter: 1250/1250 || Iter: 7500/312500 || Loc: 0.5209 Cla: 1.3020 Landm: 1.4055 || LR: 0.00100000 || Batchtime: 0.0770 s || ETA: 6:31:39
Epoch:7/250 || Epochiter: 250/1250 || Iter: 7750/312500 || Loc: 0.8223 Cla: 0.9010 Landm: 0.9127 || LR: 0.00100000 || Batchtime: 0.0605 s || ETA: 5:07:05
Epoch:7/250 || Epochiter: 500/1250 || Iter: 8000/312500 || Loc: 0.5499 Cla: 1.4182 Landm: 0.3948 || LR: 0.00100000 || Batchtime: 0.0842 s || ETA: 7:07:19
Epoch:7/250 || Epochiter: 750/1250 || Iter: 8250/312500 || Loc: 0.4177 Cla: 1.2080 Landm: 0.0000 || LR: 0.00100000 || Batchtime: 0.0690 s || ETA: 5:49:52
Epoch:7/250 || Epochiter: 1000/1250 || Iter: 8500/312500 || Loc: 0.5317 Cla: 0.9367 Landm: 0.9278 || LR: 0.00100000 || Batchtime: 0.0888 s || ETA: 7:29:54
Epoch:7/250 || Epochiter: 1250/1250 || Iter: 8750/312500 || Loc: 0.5649 Cla: 1.0235 Landm: 4.3296 || LR: 0.00100000 || Batchtime: 0.0582 s || ETA: 4:54:24
Epoch:8/250 || Epochiter: 250/1250 || Iter: 9000/312500 || Loc: 0.6337 Cla: 1.3030 Landm: 4.8822 || LR: 0.00100000 || Batchtime: 0.0666 s || ETA: 5:36:57
Epoch:8/250 || Epochiter: 500/1250 || Iter: 9250/312500 || Loc: 0.6638 Cla: 1.3792 Landm: 0.0000 || LR: 0.00100000 || Batchtime: 0.0687 s || ETA: 5:47:20
Epoch:8/250 || Epochiter: 750/1250 || Iter: 9500/312500 || Loc: 0.4472 Cla: 1.1917 Landm: 2.3690 || LR: 0.00100000 || Batchtime: 0.0826 s || ETA: 6:57:19
Epoch:8/250 || Epochiter: 1000/1250 || Iter: 9750/312500 || Loc: 0.4397 Cla: 0.9556 Landm: 1.1334 || LR: 0.00100000 || Batchtime: 0.0858 s || ETA: 7:13:09
Epoch:8/250 || Epochiter: 1250/1250 || Iter: 10000/312500 || Loc: 0.2313 Cla: 1.0788 Landm: 1.1403 || LR: 0.00100000 || Batchtime: 0.0593 s || ETA: 4:59:00
Epoch:9/250 || Epochiter: 250/1250 || Iter: 10250/312500 || Loc: 0.5231 Cla: 1.0185 Landm: 3.6549 || LR: 0.00100000 || Batchtime: 0.0646 s || ETA: 5:25:37
Epoch:9/250 || Epochiter: 500/1250 || Iter: 10500/312500 || Loc: 0.2854 Cla: 1.0651 Landm: 0.8564 || LR: 0.00100000 || Batchtime: 0.0817 s || ETA: 6:51:22
Epoch:9/250 || Epochiter: 750/1250 || Iter: 10750/312500 || Loc: 0.4291 Cla: 1.1001 Landm: 0.0000 || LR: 0.00100000 || Batchtime: 0.0780 s || ETA: 6:32:12
Epoch:9/250 || Epochiter: 1000/1250 || Iter: 11000/312500 || Loc: 0.3718 Cla: 0.7385 Landm: 8.1705 || LR: 0.00100000 || Batchtime: 0.0634 s || ETA: 5:18:44
Epoch:9/250 || Epochiter: 1250/1250 || Iter: 11250/312500 || Loc: 0.4073 Cla: 0.9269 Landm: 1.0048 || LR: 0.00100000 || Batchtime: 0.0537 s || ETA: 4:29:31
Epoch:10/250 || Epochiter: 250/1250 || Iter: 11500/312500 || Loc: 0.6359 Cla: 1.1087 Landm: 0.0000 || LR: 0.00100000 || Batchtime: 0.0614 s || ETA: 5:08:03
Epoch:10/250 || Epochiter: 500/1250 || Iter: 11750/312500 || Loc: 0.6862 Cla: 1.1852 Landm: 2.5724 || LR: 0.00100000 || Batchtime: 0.0627 s || ETA: 5:14:11
Epoch:10/250 || Epochiter: 750/1250 || Iter: 12000/312500 || Loc: 0.5852 Cla: 1.8724 Landm: 0.0000 || LR: 0.00100000 || Batchtime: 0.0740 s || ETA: 6:10:36
Epoch:10/250 || Epochiter: 1000/1250 || Iter: 12250/312500 || Loc: 0.9835 Cla: 1.4379 Landm: 1.3790 || LR: 0.00100000 || Batchtime: 0.0740 s || ETA: 6:10:31
Epoch:10/250 || Epochiter: 1250/1250 || Iter: 12500/312500 || Loc: 0.2484 Cla: 0.7223 Landm: 0.0000 || LR: 0.00100000 || Batchtime: 0.0430 s || ETA: 3:34:47
Epoch:11/250 || Epochiter: 250/1250 || Iter: 12750/312500 || Loc: 0.2089 Cla: 0.9065 Landm: 1.2765 || LR: 0.00100000 || Batchtime: 0.0748 s || ETA: 6:13:32
Epoch:11/250 || Epochiter: 500/1250 || Iter: 13000/312500 || Loc: 0.7984 Cla: 1.1885 Landm: 0.5391 || LR: 0.00100000 || Batchtime: 0.0702 s || ETA: 5:50:12
Epoch:11/250 || Epochiter: 750/1250 || Iter: 13250/312500 || Loc: 0.4420 Cla: 0.9112 Landm: 1.9846 || LR: 0.00100000 || Batchtime: 0.0647 s || ETA: 5:22:52
Epoch:11/250 || Epochiter: 1000/1250 || Iter: 13500/312500 || Loc: 0.6361 Cla: 1.0780 Landm: 0.6068 || LR: 0.00100000 || Batchtime: 0.0592 s || ETA: 4:55:11
Epoch:11/250 || Epochiter: 1250/1250 || Iter: 13750/312500 || Loc: 0.3090 Cla: 1.1710 Landm: 0.0000 || LR: 0.00100000 || Batchtime: 0.0716 s || ETA: 5:56:24
Epoch:12/250 || Epochiter: 250/1250 || Iter: 14000/312500 || Loc: 0.8389 Cla: 1.4211 Landm: 0.6222 || LR: 0.00100000 || Batchtime: 0.0557 s || ETA: 4:37:01
Epoch:12/250 || Epochiter: 500/1250 || Iter: 14250/312500 || Loc: 0.3475 Cla: 0.8805 Landm: 0.0000 || LR: 0.00100000 || Batchtime: 0.0767 s || ETA: 6:21:15
Epoch:12/250 || Epochiter: 750/1250 || Iter: 14500/312500 || Loc: 0.3927 Cla: 1.3375 Landm: 2.5559 || LR: 0.00100000 || Batchtime: 0.0785 s || ETA: 6:30:06
Epoch:12/250 || Epochiter: 1000/1250 || Iter: 14750/312500 || Loc: 0.6073 Cla: 0.9476 Landm: 2.7171 || LR: 0.00100000 || Batchtime: 0.0822 s || ETA: 6:47:44
Epoch:12/250 || Epochiter: 1250/1250 || Iter: 15000/312500 || Loc: 0.2379 Cla: 0.8064 Landm: 0.0000 || LR: 0.00100000 || Batchtime: 0.0511 s || ETA: 4:13:15
Epoch:13/250 || Epochiter: 250/1250 || Iter: 15250/312500 || Loc: 0.6896 Cla: 0.9353 Landm: 1.4348 || LR: 0.00100000 || Batchtime: 0.0759 s || ETA: 6:16:09
Epoch:13/250 || Epochiter: 500/1250 || Iter: 15500/312500 || Loc: 0.2782 Cla: 1.0004 Landm: 0.7600 || LR: 0.00100000 || Batchtime: 0.0690 s || ETA: 5:41:31
Epoch:13/250 || Epochiter: 750/1250 || Iter: 15750/312500 || Loc: 0.1929 Cla: 0.4602 Landm: 0.6388 || LR: 0.00100000 || Batchtime: 0.0827 s || ETA: 6:49:06
Epoch:13/250 || Epochiter: 1000/1250 || Iter: 16000/312500 || Loc: 0.3676 Cla: 1.1247 Landm: 0.0000 || LR: 0.00100000 || Batchtime: 0.0730 s || ETA: 6:00:39
Epoch:13/250 || Epochiter: 1250/1250 || Iter: 16250/312500 || Loc: 0.4106 Cla: 0.8072 Landm: 0.0000 || LR: 0.00100000 || Batchtime: 0.0587 s || ETA: 4:50:01
Epoch:14/250 || Epochiter: 250/1250 || Iter: 16500/312500 || Loc: 0.3210 Cla: 0.7114 Landm: 0.5447 || LR: 0.00100000 || Batchtime: 0.0849 s || ETA: 6:58:49
Epoch:14/250 || Epochiter: 500/1250 || Iter: 16750/312500 || Loc: 0.2892 Cla: 0.7522 Landm: 0.0000 || LR: 0.00100000 || Batchtime: 0.0705 s || ETA: 5:47:17
Epoch:14/250 || Epochiter: 750/1250 || Iter: 17000/312500 || Loc: 0.3217 Cla: 0.7191 Landm: 2.4711 || LR: 0.00100000 || Batchtime: 0.0805 s || ETA: 6:36:39
Epoch:14/250 || Epochiter: 1000/1250 || Iter: 17250/312500 || Loc: 0.3253 Cla: 0.7503 Landm: 0.9379 || LR: 0.00100000 || Batchtime: 0.0639 s || ETA: 5:14:30
Epoch:14/250 || Epochiter: 1250/1250 || Iter: 17500/312500 || Loc: 0.7334 Cla: 1.0051 Landm: 1.4111 || LR: 0.00100000 || Batchtime: 0.0545 s || ETA: 4:27:48
Epoch:15/250 || Epochiter: 250/1250 || Iter: 17750/312500 || Loc: 0.4276 Cla: 0.9914 Landm: 0.0000 || LR: 0.00100000 || Batchtime: 0.0817 s || ETA: 6:41:06
Epoch:15/250 || Epochiter: 500/1250 || Iter: 18000/312500 || Loc: 0.3762 Cla: 0.7658 Landm: 0.6124 || LR: 0.00100000 || Batchtime: 0.0762 s || ETA: 6:14:14
Epoch:15/250 || Epochiter: 750/1250 || Iter: 18250/312500 || Loc: 0.3110 Cla: 0.8815 Landm: 0.6869 || LR: 0.00100000 || Batchtime: 0.0743 s || ETA: 6:04:14
Epoch:15/250 || Epochiter: 1000/1250 || Iter: 18500/312500 || Loc: 0.3220 Cla: 0.8468 Landm: 0.0000 || LR: 0.00100000 || Batchtime: 0.0777 s || ETA: 6:20:56
Epoch:15/250 || Epochiter: 1250/1250 || Iter: 18750/312500 || Loc: 0.2648 Cla: 0.6224 Landm: 0.9267 || LR: 0.00100000 || Batchtime: 0.0580 s || ETA: 4:43:45
Epoch:16/250 || Epochiter: 250/1250 || Iter: 19000/312500 || Loc: 0.3082 Cla: 0.9415 Landm: 1.0208 || LR: 0.00100000 || Batchtime: 0.0898 s || ETA: 7:19:07
Epoch:16/250 || Epochiter: 500/1250 || Iter: 19250/312500 || Loc: 0.3117 Cla: 0.5011 Landm: 0.0000 || LR: 0.00100000 || Batchtime: 0.0799 s || ETA: 6:30:16
Epoch:16/250 || Epochiter: 750/1250 || Iter: 19500/312500 || Loc: 0.4996 Cla: 1.1049 Landm: 1.8307 || LR: 0.00100000 || Batchtime: 0.0823 s || ETA: 6:41:43
Epoch:16/250 || Epochiter: 1000/1250 || Iter: 19750/312500 || Loc: 0.2369 Cla: 0.7149 Landm: 0.9498 || LR: 0.00100000 || Batchtime: 0.0664 s || ETA: 5:24:12
Epoch:16/250 || Epochiter: 1250/1250 || Iter: 20000/312500 || Loc: 0.2600 Cla: 0.7787 Landm: 0.0000 || LR: 0.00100000 || Batchtime: 0.0787 s || ETA: 6:23:40
Epoch:17/250 || Epochiter: 250/1250 || Iter: 20250/312500 || Loc: 0.3855 Cla: 0.7497 Landm: 0.0000 || LR: 0.00100000 || Batchtime: 0.0682 s || ETA: 5:32:22
Epoch:17/250 || Epochiter: 500/1250 || Iter: 20500/312500 || Loc: 0.3982 Cla: 0.5910 Landm: 0.5774 || LR: 0.00100000 || Batchtime: 0.0582 s || ETA: 4:43:00
Epoch:17/250 || Epochiter: 750/1250 || Iter: 20750/312500 || Loc: 0.1952 Cla: 0.7410 Landm: 0.0000 || LR: 0.00100000 || Batchtime: 0.0694 s || ETA: 5:37:19
Epoch:17/250 || Epochiter: 1000/1250 || Iter: 21000/312500 || Loc: 0.4565 Cla: 1.0469 Landm: 0.0000 || LR: 0.00100000 || Batchtime: 0.0711 s || ETA: 5:45:24
Epoch:17/250 || Epochiter: 1250/1250 || Iter: 21250/312500 || Loc: 0.1640 Cla: 0.5465 Landm: 1.6103 || LR: 0.00100000 || Batchtime: 0.0607 s || ETA: 4:54:28
Epoch:18/250 || Epochiter: 250/1250 || Iter: 21500/312500 || Loc: 0.3908 Cla: 0.6382 Landm: 0.0000 || LR: 0.00100000 || Batchtime: 0.0670 s || ETA: 5:24:59
Epoch:18/250 || Epochiter: 500/1250 || Iter: 21750/312500 || Loc: 0.3774 Cla: 0.7457 Landm: 0.7020 || LR: 0.00100000 || Batchtime: 0.0639 s || ETA: 5:09:35
Epoch:18/250 || Epochiter: 750/1250 || Iter: 22000/312500 || Loc: 0.3023 Cla: 0.9464 Landm: 0.0000 || LR: 0.00100000 || Batchtime: 0.0742 s || ETA: 5:59:11
Epoch:18/250 || Epochiter: 1000/1250 || Iter: 22250/312500 || Loc: 0.3101 Cla: 0.6353 Landm: 1.0868 || LR: 0.00100000 || Batchtime: 0.0641 s || ETA: 5:10:16
Epoch:18/250 || Epochiter: 1250/1250 || Iter: 22500/312500 || Loc: 0.5724 Cla: 0.9020 Landm: 0.8589 || LR: 0.00100000 || Batchtime: 0.0664 s || ETA: 5:21:07
Epoch:19/250 || Epochiter: 250/1250 || Iter: 22750/312500 || Loc: 0.3430 Cla: 0.7746 Landm: 0.3232 || LR: 0.00100000 || Batchtime: 0.0624 s || ETA: 5:01:27
Epoch:19/250 || Epochiter: 500/1250 || Iter: 23000/312500 || Loc: 0.2716 Cla: 0.7595 Landm: 0.5724 || LR: 0.00100000 || Batchtime: 0.0680 s || ETA: 5:27:58
Epoch:19/250 || Epochiter: 750/1250 || Iter: 23250/312500 || Loc: 0.4099 Cla: 0.6372 Landm: 0.0000 || LR: 0.00100000 || Batchtime: 0.0579 s || ETA: 4:39:05
Epoch:19/250 || Epochiter: 1000/1250 || Iter: 23500/312500 || Loc: 0.3506 Cla: 0.6049 Landm: 0.7509 || LR: 0.00100000 || Batchtime: 0.0720 s || ETA: 5:46:50
Epoch:19/250 || Epochiter: 1250/1250 || Iter: 23750/312500 || Loc: 0.4515 Cla: 0.8087 Landm: 3.3113 || LR: 0.00100000 || Batchtime: 0.0510 s || ETA: 4:05:12
Epoch:20/250 || Epochiter: 250/1250 || Iter: 24000/312500 || Loc: 0.4616 Cla: 0.8640 Landm: 0.0000 || LR: 0.00100000 || Batchtime: 0.0770 s || ETA: 6:10:16
Epoch:20/250 || Epochiter: 500/1250 || Iter: 24250/312500 || Loc: 0.1833 Cla: 1.0537 Landm: 0.4125 || LR: 0.00100000 || Batchtime: 0.0666 s || ETA: 5:20:02
Epoch:20/250 || Epochiter: 750/1250 || Iter: 24500/312500 || Loc: 0.2786 Cla: 0.5549 Landm: 0.2421 || LR: 0.00100000 || Batchtime: 0.0819 s || ETA: 6:32:59
Epoch:20/250 || Epochiter: 1000/1250 || Iter: 24750/312500 || Loc: 0.5946 Cla: 0.8214 Landm: 0.5507 || LR: 0.00100000 || Batchtime: 0.0660 s || ETA: 5:16:23
Epoch:20/250 || Epochiter: 1250/1250 || Iter: 25000/312500 || Loc: 0.4016 Cla: 0.7961 Landm: 0.0000 || LR: 0.00100000 || Batchtime: 0.0580 s || ETA: 4:37:46
Epoch:21/250 || Epochiter: 250/1250 || Iter: 25250/312500 || Loc: 0.2364 Cla: 0.5936 Landm: 0.0000 || LR: 0.00100000 || Batchtime: 0.0726 s || ETA: 5:47:28
Epoch:21/250 || Epochiter: 500/1250 || Iter: 25500/312500 || Loc: 0.7204 Cla: 1.2858 Landm: 0.0000 || LR: 0.00100000 || Batchtime: 0.0766 s || ETA: 6:06:26
Epoch:21/250 || Epochiter: 750/1250 || Iter: 25750/312500 || Loc: 0.2305 Cla: 0.3993 Landm: 0.0000 || LR: 0.00100000 || Batchtime: 0.0683 s || ETA: 5:26:36
Epoch:21/250 || Epochiter: 1000/1250 || Iter: 26000/312500 || Loc: 0.1470 Cla: 0.3717 Landm: 0.3761 || LR: 0.00100000 || Batchtime: 0.0748 s || ETA: 5:56:56
Epoch:21/250 || Epochiter: 1250/1250 || Iter: 26250/312500 || Loc: 0.2387 Cla: 1.1503 Landm: 0.4922 || LR: 0.00100000 || Batchtime: 0.0716 s || ETA: 5:41:47
Epoch:22/250 || Epochiter: 250/1250 || Iter: 26500/312500 || Loc: 0.1992 Cla: 0.4669 Landm: 0.4301 || LR: 0.00100000 || Batchtime: 0.0647 s || ETA: 5:08:35
Epoch:22/250 || Epochiter: 500/1250 || Iter: 26750/312500 || Loc: 0.4917 Cla: 0.7718 Landm: 0.7156 || LR: 0.00100000 || Batchtime: 0.0679 s || ETA: 5:23:15
Epoch:22/250 || Epochiter: 750/1250 || Iter: 27000/312500 || Loc: 0.2834 Cla: 0.7280 Landm: 0.0000 || LR: 0.00100000 || Batchtime: 0.0770 s || ETA: 6:06:26
Epoch:22/250 || Epochiter: 1000/1250 || Iter: 27250/312500 || Loc: 0.2574 Cla: 0.7317 Landm: 0.4742 || LR: 0.00100000 || Batchtime: 0.0634 s || ETA: 5:01:12
Epoch:22/250 || Epochiter: 1250/1250 || Iter: 27500/312500 || Loc: 0.1387 Cla: 0.6307 Landm: 0.0000 || LR: 0.00100000 || Batchtime: 0.0558 s || ETA: 4:24:59
Epoch:23/250 || Epochiter: 250/1250 || Iter: 27750/312500 || Loc: 0.3324 Cla: 0.6297 Landm: 0.0000 || LR: 0.00100000 || Batchtime: 0.0678 s || ETA: 5:21:39
Epoch:23/250 || Epochiter: 500/1250 || Iter: 28000/312500 || Loc: 0.4373 Cla: 0.6321 Landm: 0.4269 || LR: 0.00100000 || Batchtime: 0.0662 s || ETA: 5:13:46
Epoch:23/250 || Epochiter: 750/1250 || Iter: 28250/312500 || Loc: 0.6719 Cla: 0.8897 Landm: 0.4945 || LR: 0.00100000 || Batchtime: 0.0779 s || ETA: 6:08:55
Epoch:23/250 || Epochiter: 1000/1250 || Iter: 28500/312500 || Loc: 0.3900 Cla: 0.8146 Landm: 0.0000 || LR: 0.00100000 || Batchtime: 0.0711 s || ETA: 5:36:39
Epoch:23/250 || Epochiter: 1250/1250 || Iter: 28750/312500 || Loc: 0.2323 Cla: 0.6672 Landm: 0.4811 || LR: 0.00100000 || Batchtime: 0.0684 s || ETA: 5:23:18
Epoch:24/250 || Epochiter: 250/1250 || Iter: 29000/312500 || Loc: 0.1431 Cla: 0.5120 Landm: 0.8154 || LR: 0.00100000 || Batchtime: 0.0657 s || ETA: 5:10:34
Epoch:24/250 || Epochiter: 500/1250 || Iter: 29250/312500 || Loc: 0.5774 Cla: 1.3492 Landm: 0.0000 || LR: 0.00100000 || Batchtime: 0.0839 s || ETA: 6:36:02
Epoch:24/250 || Epochiter: 750/1250 || Iter: 29500/312500 || Loc: 0.2921 Cla: 0.4261 Landm: 0.8027 || LR: 0.00100000 || Batchtime: 0.0709 s || ETA: 5:34:38
Epoch:24/250 || Epochiter: 1000/1250 || Iter: 29750/312500 || Loc: 0.2644 Cla: 0.4691 Landm: 1.4083 || LR: 0.00100000 || Batchtime: 0.0747 s || ETA: 5:51:47
Epoch:24/250 || Epochiter: 1250/1250 || Iter: 30000/312500 || Loc: 0.3841 Cla: 1.0115 Landm: 1.2649 || LR: 0.00100000 || Batchtime: 0.0594 s || ETA: 4:39:35
Epoch:25/250 || Epochiter: 250/1250 || Iter: 30250/312500 || Loc: 0.2813 Cla: 0.6161 Landm: 0.0000 || LR: 0.00100000 || Batchtime: 0.0622 s || ETA: 4:52:27
Epoch:25/250 || Epochiter: 500/1250 || Iter: 30500/312500 || Loc: 0.1894 Cla: 0.7120 Landm: 1.1508 || LR: 0.00100000 || Batchtime: 0.0877 s || ETA: 6:52:24
Epoch:25/250 || Epochiter: 750/1250 || Iter: 30750/312500 || Loc: 0.1683 Cla: 0.6490 Landm: 0.5413 || LR: 0.00100000 || Batchtime: 0.0759 s || ETA: 5:56:18
Epoch:25/250 || Epochiter: 1000/1250 || Iter: 31000/312500 || Loc: 0.4005 Cla: 1.1703 Landm: 1.8256 || LR: 0.00100000 || Batchtime: 0.0785 s || ETA: 6:08:28
Epoch:25/250 || Epochiter: 1250/1250 || Iter: 31250/312500 || Loc: 0.2538 Cla: 0.6322 Landm: 0.4511 || LR: 0.00100000 || Batchtime: 0.0739 s || ETA: 5:46:28
Epoch:26/250 || Epochiter: 250/1250 || Iter: 31500/312500 || Loc: 0.5756 Cla: 1.2245 Landm: 0.0000 || LR: 0.00100000 || Batchtime: 0.0700 s || ETA: 5:27:47
Epoch:26/250 || Epochiter: 500/1250 || Iter: 31750/312500 || Loc: 0.4430 Cla: 0.9987 Landm: 0.0000 || LR: 0.00100000 || Batchtime: 0.0740 s || ETA: 5:46:20
Epoch:26/250 || Epochiter: 750/1250 || Iter: 32000/312500 || Loc: 0.2899 Cla: 0.5440 Landm: 0.4627 || LR: 0.00100000 || Batchtime: 0.0637 s || ETA: 4:57:47
Epoch:26/250 || Epochiter: 1000/1250 || Iter: 32250/312500 || Loc: 0.3744 Cla: 0.6234 Landm: 0.8319 || LR: 0.00100000 || Batchtime: 0.0809 s || ETA: 6:18:02
Epoch:26/250 || Epochiter: 1250/1250 || Iter: 32500/312500 || Loc: 0.2780 Cla: 0.8284 Landm: 0.7159 || LR: 0.00100000 || Batchtime: 0.0712 s || ETA: 5:32:14
Epoch:27/250 || Epochiter: 250/1250 || Iter: 32750/312500 || Loc: 0.1824 Cla: 0.6934 Landm: 0.0000 || LR: 0.00100000 || Batchtime: 0.0577 s || ETA: 4:29:09
Epoch:27/250 || Epochiter: 500/1250 || Iter: 33000/312500 || Loc: 0.2056 Cla: 0.4334 Landm: 0.6537 || LR: 0.00100000 || Batchtime: 0.0696 s || ETA: 5:24:10
Epoch:27/250 || Epochiter: 750/1250 || Iter: 33250/312500 || Loc: 0.1459 Cla: 0.5897 Landm: 0.2559 || LR: 0.00100000 || Batchtime: 0.0663 s || ETA: 5:08:20
Epoch:27/250 || Epochiter: 1000/1250 || Iter: 33500/312500 || Loc: 0.1242 Cla: 0.4473 Landm: 0.0000 || LR: 0.00100000 || Batchtime: 0.0697 s || ETA: 5:24:13
Epoch:27/250 || Epochiter: 1250/1250 || Iter: 33750/312500 || Loc: 0.2939 Cla: 0.6270 Landm: 0.0000 || LR: 0.00100000 || Batchtime: 0.0650 s || ETA: 5:02:01
Epoch:28/250 || Epochiter: 250/1250 || Iter: 34000/312500 || Loc: 0.3337 Cla: 0.7228 Landm: 5.5058 || LR: 0.00100000 || Batchtime: 0.0938 s || ETA: 7:15:13
Epoch:28/250 || Epochiter: 500/1250 || Iter: 34250/312500 || Loc: 0.1604 Cla: 0.5526 Landm: 0.0000 || LR: 0.00100000 || Batchtime: 0.0614 s || ETA: 4:44:57
Epoch:28/250 || Epochiter: 750/1250 || Iter: 34500/312500 || Loc: 0.3521 Cla: 0.6556 Landm: 0.0000 || LR: 0.00100000 || Batchtime: 0.0650 s || ETA: 5:00:59
Epoch:28/250 || Epochiter: 1000/1250 || Iter: 34750/312500 || Loc: 0.4345 Cla: 0.6557 Landm: 0.0000 || LR: 0.00100000 || Batchtime: 0.0708 s || ETA: 5:27:57
Epoch:28/250 || Epochiter: 1250/1250 || Iter: 35000/312500 || Loc: 0.5163 Cla: 0.5270 Landm: 0.4897 || LR: 0.00100000 || Batchtime: 0.0741 s || ETA: 5:42:43
Epoch:29/250 || Epochiter: 250/1250 || Iter: 35250/312500 || Loc: 0.7176 Cla: 1.0833 Landm: 0.5338 || LR: 0.00100000 || Batchtime: 0.0810 s || ETA: 6:14:15
Epoch:29/250 || Epochiter: 500/1250 || Iter: 35500/312500 || Loc: 0.2161 Cla: 0.4994 Landm: 0.6544 || LR: 0.00100000 || Batchtime: 0.0805 s || ETA: 6:11:25
Epoch:29/250 || Epochiter: 750/1250 || Iter: 35750/312500 || Loc: 0.2884 Cla: 0.5838 Landm: 0.2535 || LR: 0.00100000 || Batchtime: 0.0724 s || ETA: 5:33:55
Epoch:29/250 || Epochiter: 1000/1250 || Iter: 36000/312500 || Loc: 0.3432 Cla: 0.6970 Landm: 0.8221 || LR: 0.00100000 || Batchtime: 0.0866 s || ETA: 6:39:11
Epoch:29/250 || Epochiter: 1250/1250 || Iter: 36250/312500 || Loc: 0.2225 Cla: 0.6784 Landm: 0.0000 || LR: 0.00100000 || Batchtime: 0.0529 s || ETA: 4:03:23
Epoch:30/250 || Epochiter: 250/1250 || Iter: 36500/312500 || Loc: 0.2268 Cla: 0.5555 Landm: 0.8669 || LR: 0.00100000 || Batchtime: 0.0529 s || ETA: 4:03:30
Epoch:30/250 || Epochiter: 500/1250 || Iter: 36750/312500 || Loc: 0.3237 Cla: 0.9142 Landm: 0.0000 || LR: 0.00100000 || Batchtime: 0.0727 s || ETA: 5:33:54
Epoch:30/250 || Epochiter: 750/1250 || Iter: 37000/312500 || Loc: 0.1912 Cla: 0.5468 Landm: 0.7161 || LR: 0.00100000 || Batchtime: 0.0785 s || ETA: 6:00:38
Epoch:30/250 || Epochiter: 1000/1250 || Iter: 37250/312500 || Loc: 0.3453 Cla: 0.5970 Landm: 0.6299 || LR: 0.00100000 || Batchtime: 0.0718 s || ETA: 5:29:33
Epoch:30/250 || Epochiter: 1250/1250 || Iter: 37500/312500 || Loc: 0.4238 Cla: 0.7713 Landm: 0.1806 || LR: 0.00100000 || Batchtime: 0.0586 s || ETA: 4:28:42
Epoch:31/250 || Epochiter: 250/1250 || Iter: 37750/312500 || Loc: 0.1761 Cla: 0.4583 Landm: 0.2963 || LR: 0.00100000 || Batchtime: 0.0635 s || ETA: 4:50:38
Epoch:31/250 || Epochiter: 500/1250 || Iter: 38000/312500 || Loc: 0.2952 Cla: 0.7374 Landm: 0.6582 || LR: 0.00100000 || Batchtime: 0.0728 s || ETA: 5:32:58
Epoch:31/250 || Epochiter: 750/1250 || Iter: 38250/312500 || Loc: 0.2297 Cla: 0.8761 Landm: 0.0000 || LR: 0.00100000 || Batchtime: 0.0868 s || ETA: 6:36:52
Epoch:31/250 || Epochiter: 1000/1250 || Iter: 38500/312500 || Loc: 0.4603 Cla: 1.0254 Landm: 0.8796 || LR: 0.00100000 || Batchtime: 0.0605 s || ETA: 4:36:19
Epoch:31/250 || Epochiter: 1250/1250 || Iter: 38750/312500 || Loc: 0.2631 Cla: 0.7459 Landm: 0.8302 || LR: 0.00100000 || Batchtime: 0.0689 s || ETA: 5:14:13
Epoch:32/250 || Epochiter: 250/1250 || Iter: 39000/312500 || Loc: 0.3307 Cla: 0.5996 Landm: 0.3374 || LR: 0.00100000 || Batchtime: 0.0600 s || ETA: 4:33:22
Epoch:32/250 || Epochiter: 500/1250 || Iter: 39250/312500 || Loc: 0.2850 Cla: 1.1298 Landm: 1.3971 || LR: 0.00100000 || Batchtime: 0.0830 s || ETA: 6:18:06
Epoch:32/250 || Epochiter: 750/1250 || Iter: 39500/312500 || Loc: 0.2675 Cla: 0.7434 Landm: 1.6389 || LR: 0.00100000 || Batchtime: 0.0803 s || ETA: 6:05:10
Epoch:32/250 || Epochiter: 1000/1250 || Iter: 39750/312500 || Loc: 0.2586 Cla: 0.5683 Landm: 0.9531 || LR: 0.00100000 || Batchtime: 0.0681 s || ETA: 5:09:46
Epoch:32/250 || Epochiter: 1250/1250 || Iter: 40000/312500 || Loc: 0.2904 Cla: 0.4989 Landm: 0.4818 || LR: 0.00100000 || Batchtime: 0.0508 s || ETA: 3:50:33
Epoch:33/250 || Epochiter: 250/1250 || Iter: 40250/312500 || Loc: 0.2660 Cla: 0.4186 Landm: 0.6491 || LR: 0.00100000 || Batchtime: 0.0955 s || ETA: 7:13:21
Epoch:33/250 || Epochiter: 500/1250 || Iter: 40500/312500 || Loc: 0.2348 Cla: 0.5423 Landm: 0.6193 || LR: 0.00100000 || Batchtime: 0.0641 s || ETA: 4:50:22
Epoch:33/250 || Epochiter: 750/1250 || Iter: 40750/312500 || Loc: 0.1722 Cla: 0.7157 Landm: 0.4101 || LR: 0.00100000 || Batchtime: 0.0848 s || ETA: 6:23:56
Epoch:33/250 || Epochiter: 1000/1250 || Iter: 41000/312500 || Loc: 0.2385 Cla: 0.9662 Landm: 0.9301 || LR: 0.00100000 || Batchtime: 0.0641 s || ETA: 4:49:58
Epoch:33/250 || Epochiter: 1250/1250 || Iter: 41250/312500 || Loc: 0.1736 Cla: 0.6909 Landm: 0.0000 || LR: 0.00100000 || Batchtime: 0.0591 s || ETA: 4:27:07
Epoch:34/250 || Epochiter: 250/1250 || Iter: 41500/312500 || Loc: 0.3994 Cla: 0.8980 Landm: 0.0000 || LR: 0.00100000 || Batchtime: 0.0646 s || ETA: 4:51:52
Epoch:34/250 || Epochiter: 500/1250 || Iter: 41750/312500 || Loc: 0.3043 Cla: 0.7238 Landm: 0.0000 || LR: 0.00100000 || Batchtime: 0.0732 s || ETA: 5:30:12
Epoch:34/250 || Epochiter: 750/1250 || Iter: 42000/312500 || Loc: 0.5558 Cla: 0.8412 Landm: 0.8055 || LR: 0.00100000 || Batchtime: 0.0631 s || ETA: 4:44:34
Epoch:34/250 || Epochiter: 1000/1250 || Iter: 42250/312500 || Loc: 0.5287 Cla: 0.6981 Landm: 5.5213 || LR: 0.00100000 || Batchtime: 0.0611 s || ETA: 4:35:09
Epoch:34/250 || Epochiter: 1250/1250 || Iter: 42500/312500 || Loc: 0.3705 Cla: 0.6738 Landm: 0.0000 || LR: 0.00100000 || Batchtime: 0.0604 s || ETA: 4:31:40
Epoch:35/250 || Epochiter: 250/1250 || Iter: 42750/312500 || Loc: 0.2337 Cla: 0.5720 Landm: 0.0000 || LR: 0.00100000 || Batchtime: 0.0708 s || ETA: 5:18:21
Epoch:35/250 || Epochiter: 500/1250 || Iter: 43000/312500 || Loc: 1.0042 Cla: 2.2861 Landm: 0.8473 || LR: 0.00100000 || Batchtime: 0.0913 s || ETA: 6:50:05
Epoch:35/250 || Epochiter: 750/1250 || Iter: 43250/312500 || Loc: 0.5859 Cla: 0.9409 Landm: 0.0000 || LR: 0.00100000 || Batchtime: 0.0708 s || ETA: 5:17:30
Epoch:35/250 || Epochiter: 1000/1250 || Iter: 43500/312500 || Loc: 0.2492 Cla: 0.7066 Landm: 0.7557 || LR: 0.00100000 || Batchtime: 0.0682 s || ETA: 5:05:52
Epoch:35/250 || Epochiter: 1250/1250 || Iter: 43750/312500 || Loc: 0.4332 Cla: 0.7880 Landm: 0.9791 || LR: 0.00100000 || Batchtime: 0.0634 s || ETA: 4:44:03
Epoch:36/250 || Epochiter: 250/1250 || Iter: 44000/312500 || Loc: 0.1193 Cla: 0.5061 Landm: 23.5893 || LR: 0.00100000 || Batchtime: 0.0670 s || ETA: 4:59:57
Epoch:36/250 || Epochiter: 500/1250 || Iter: 44250/312500 || Loc: 0.3095 Cla: 0.5008 Landm: 0.0000 || LR: 0.00100000 || Batchtime: 0.0720 s || ETA: 5:22:03
Epoch:36/250 || Epochiter: 750/1250 || Iter: 44500/312500 || Loc: 0.1877 Cla: 0.6983 Landm: 0.7838 || LR: 0.00100000 || Batchtime: 0.0714 s || ETA: 5:18:52
Epoch:36/250 || Epochiter: 1000/1250 || Iter: 44750/312500 || Loc: 0.2184 Cla: 0.6088 Landm: 1.7108 || LR: 0.00100000 || Batchtime: 0.0724 s || ETA: 5:23:05
Epoch:36/250 || Epochiter: 1250/1250 || Iter: 45000/312500 || Loc: 0.2457 Cla: 0.5976 Landm: 0.0000 || LR: 0.00100000 || Batchtime: 0.0499 s || ETA: 3:42:17
Epoch:37/250 || Epochiter: 250/1250 || Iter: 45250/312500 || Loc: 0.7744 Cla: 1.2997 Landm: 0.5274 || LR: 0.00100000 || Batchtime: 0.0883 s || ETA: 6:33:23
Epoch:37/250 || Epochiter: 500/1250 || Iter: 45500/312500 || Loc: 0.2052 Cla: 0.5670 Landm: 0.0000 || LR: 0.00100000 || Batchtime: 0.0653 s || ETA: 4:50:23
Epoch:37/250 || Epochiter: 750/1250 || Iter: 45750/312500 || Loc: 0.1598 Cla: 0.6697 Landm: 0.5878 || LR: 0.00100000 || Batchtime: 0.0719 s || ETA: 5:19:39
Epoch:37/250 || Epochiter: 1000/1250 || Iter: 46000/312500 || Loc: 0.2106 Cla: 0.5066 Landm: 0.2385 || LR: 0.00100000 || Batchtime: 0.0736 s || ETA: 5:26:54
Epoch:37/250 || Epochiter: 1250/1250 || Iter: 46250/312500 || Loc: 0.1588 Cla: 0.4294 Landm: 1.3092 || LR: 0.00100000 || Batchtime: 0.0501 s || ETA: 3:42:10
Epoch:38/250 || Epochiter: 250/1250 || Iter: 46500/312500 || Loc: 0.1844 Cla: 0.4983 Landm: 0.0000 || LR: 0.00100000 || Batchtime: 0.0653 s || ETA: 4:49:30
Epoch:38/250 || Epochiter: 500/1250 || Iter: 46750/312500 || Loc: 0.1902 Cla: 0.5960 Landm: 0.4693 || LR: 0.00100000 || Batchtime: 0.0719 s || ETA: 5:18:31
Epoch:38/250 || Epochiter: 750/1250 || Iter: 47000/312500 || Loc: 0.4249 Cla: 0.6467 Landm: 0.0000 || LR: 0.00100000 || Batchtime: 0.0758 s || ETA: 5:35:21
Epoch:38/250 || Epochiter: 1000/1250 || Iter: 47250/312500 || Loc: 0.1730 Cla: 0.4573 Landm: 0.0000 || LR: 0.00100000 || Batchtime: 0.0652 s || ETA: 4:48:15
Epoch:38/250 || Epochiter: 1250/1250 || Iter: 47500/312500 || Loc: 0.4906 Cla: 1.0910 Landm: 0.0000 || LR: 0.00100000 || Batchtime: 0.0639 s || ETA: 4:42:11
Epoch:39/250 || Epochiter: 250/1250 || Iter: 47750/312500 || Loc: 0.3400 Cla: 0.7151 Landm: 0.0000 || LR: 0.00100000 || Batchtime: 0.0833 s || ETA: 6:07:23
Epoch:39/250 || Epochiter: 500/1250 || Iter: 48000/312500 || Loc: 0.2722 Cla: 0.6935 Landm: 1.6112 || LR: 0.00100000 || Batchtime: 0.0738 s || ETA: 5:25:22
Epoch:39/250 || Epochiter: 750/1250 || Iter: 48250/312500 || Loc: 0.2845 Cla: 0.4676 Landm: 0.0000 || LR: 0.00100000 || Batchtime: 0.0535 s || ETA: 3:55:26
Epoch:39/250 || Epochiter: 1000/1250 || Iter: 48500/312500 || Loc: 0.5459 Cla: 0.7364 Landm: 0.1619 || LR: 0.00100000 || Batchtime: 0.0756 s || ETA: 5:32:31
Epoch:39/250 || Epochiter: 1250/1250 || Iter: 48750/312500 || Loc: 0.4531 Cla: 0.7277 Landm: 1.7110 || LR: 0.00100000 || Batchtime: 0.0590 s || ETA: 4:19:08
Epoch:40/250 || Epochiter: 250/1250 || Iter: 49000/312500 || Loc: 0.1795 Cla: 0.4699 Landm: 0.6696 || LR: 0.00100000 || Batchtime: 0.0705 s || ETA: 5:09:33
Epoch:40/250 || Epochiter: 500/1250 || Iter: 49250/312500 || Loc: 0.1517 Cla: 0.4898 Landm: 0.6581 || LR: 0.00100000 || Batchtime: 0.0738 s || ETA: 5:23:53
Epoch:40/250 || Epochiter: 750/1250 || Iter: 49500/312500 || Loc: 0.1481 Cla: 0.5017 Landm: 0.2324 || LR: 0.00100000 || Batchtime: 0.0817 s || ETA: 5:58:19
Epoch:40/250 || Epochiter: 1000/1250 || Iter: 49750/312500 || Loc: 0.2807 Cla: 0.5012 Landm: 0.5349 || LR: 0.00100000 || Batchtime: 0.0607 s || ETA: 4:25:52
Epoch:40/250 || Epochiter: 1250/1250 || Iter: 50000/312500 || Loc: 0.1911 Cla: 0.5742 Landm: 0.7222 || LR: 0.00100000 || Batchtime: 0.0735 s || ETA: 5:21:24
Epoch:41/250 || Epochiter: 250/1250 || Iter: 50250/312500 || Loc: 0.4262 Cla: 0.5794 Landm: 0.3815 || LR: 0.00100000 || Batchtime: 0.0732 s || ETA: 5:20:04
Epoch:41/250 || Epochiter: 500/1250 || Iter: 50500/312500 || Loc: 0.1478 Cla: 0.3264 Landm: 0.0000 || LR: 0.00100000 || Batchtime: 0.0649 s || ETA: 4:43:21
Epoch:41/250 || Epochiter: 750/1250 || Iter: 50750/312500 || Loc: 0.2128 Cla: 0.6663 Landm: 0.0000 || LR: 0.00100000 || Batchtime: 0.0931 s || ETA: 6:46:08
Epoch:41/250 || Epochiter: 1000/1250 || Iter: 51000/312500 || Loc: 0.2384 Cla: 0.6766 Landm: 0.9567 || LR: 0.00100000 || Batchtime: 0.0733 s || ETA: 5:19:25
Epoch:41/250 || Epochiter: 1250/1250 || Iter: 51250/312500 || Loc: 0.1702 Cla: 0.4150 Landm: 0.0000 || LR: 0.00100000 || Batchtime: 0.0556 s || ETA: 4:01:53
Epoch:42/250 || Epochiter: 250/1250 || Iter: 51500/312500 || Loc: 0.1640 Cla: 0.3949 Landm: 0.0000 || LR: 0.00100000 || Batchtime: 0.0691 s || ETA: 5:00:43
Epoch:42/250 || Epochiter: 500/1250 || Iter: 51750/312500 || Loc: 0.1281 Cla: 0.4055 Landm: 0.3749 || LR: 0.00100000 || Batchtime: 0.0614 s || ETA: 4:26:53
Epoch:42/250 || Epochiter: 750/1250 || Iter: 52000/312500 || Loc: 0.1507 Cla: 0.6688 Landm: 0.7378 || LR: 0.00100000 || Batchtime: 0.0977 s || ETA: 7:04:09
Epoch:42/250 || Epochiter: 1000/1250 || Iter: 52250/312500 || Loc: 0.2039 Cla: 1.5748 Landm: 0.0000 || LR: 0.00100000 || Batchtime: 0.0706 s || ETA: 5:06:13
Epoch:42/250 || Epochiter: 1250/1250 || Iter: 52500/312500 || Loc: 0.1504 Cla: 0.3615 Landm: 1.4303 || LR: 0.00100000 || Batchtime: 0.0552 s || ETA: 3:59:02
Epoch:43/250 || Epochiter: 250/1250 || Iter: 52750/312500 || Loc: 0.2701 Cla: 0.5906 Landm: 0.9713 || LR: 0.00100000 || Batchtime: 0.0706 s || ETA: 5:05:43
Epoch:43/250 || Epochiter: 500/1250 || Iter: 53000/312500 || Loc: 0.1933 Cla: 0.3587 Landm: 0.0000 || LR: 0.00100000 || Batchtime: 0.0623 s || ETA: 4:29:26
Epoch:43/250 || Epochiter: 750/1250 || Iter: 53250/312500 || Loc: 0.4772 Cla: 0.6993 Landm: 0.7771 || LR: 0.00100000 || Batchtime: 0.0745 s || ETA: 5:21:52
Epoch:43/250 || Epochiter: 1000/1250 || Iter: 53500/312500 || Loc: 0.2708 Cla: 0.7243 Landm: 0.0000 || LR: 0.00100000 || Batchtime: 0.0811 s || ETA: 5:49:53
Epoch:43/250 || Epochiter: 1250/1250 || Iter: 53750/312500 || Loc: 0.1698 Cla: 0.3906 Landm: 0.5191 || LR: 0.00100000 || Batchtime: 0.0658 s || ETA: 4:43:39
Epoch:44/250 || Epochiter: 250/1250 || Iter: 54000/312500 || Loc: 0.1421 Cla: 0.4847 Landm: 0.2711 || LR: 0.00100000 || Batchtime: 0.0608 s || ETA: 4:21:59
Epoch:44/250 || Epochiter: 500/1250 || Iter: 54250/312500 || Loc: 0.2996 Cla: 0.5639 Landm: 0.4960 || LR: 0.00100000 || Batchtime: 0.0573 s || ETA: 4:06:26
Epoch:44/250 || Epochiter: 750/1250 || Iter: 54500/312500 || Loc: 0.3935 Cla: 0.6352 Landm: 0.4333 || LR: 0.00100000 || Batchtime: 0.0836 s || ETA: 5:59:41
Epoch:44/250 || Epochiter: 1000/1250 || Iter: 54750/312500 || Loc: 0.2236 Cla: 1.3519 Landm: 0.0000 || LR: 0.00100000 || Batchtime: 0.0858 s || ETA: 6:08:44
Epoch:44/250 || Epochiter: 1250/1250 || Iter: 55000/312500 || Loc: 0.5177 Cla: 0.7388 Landm: 0.0000 || LR: 0.00100000 || Batchtime: 0.0548 s || ETA: 3:55:05
Epoch:45/250 || Epochiter: 250/1250 || Iter: 55250/312500 || Loc: 0.3429 Cla: 0.9653 Landm: 0.4352 || LR: 0.00100000 || Batchtime: 0.0756 s || ETA: 5:24:00
Epoch:45/250 || Epochiter: 500/1250 || Iter: 55500/312500 || Loc: 0.3797 Cla: 0.9842 Landm: 0.5810 || LR: 0.00100000 || Batchtime: 0.0902 s || ETA: 6:26:11
Epoch:45/250 || Epochiter: 750/1250 || Iter: 55750/312500 || Loc: 0.3170 Cla: 0.4845 Landm: 0.5187 || LR: 0.00100000 || Batchtime: 0.0713 s || ETA: 5:05:09
Epoch:45/250 || Epochiter: 1000/1250 || Iter: 56000/312500 || Loc: 0.4075 Cla: 0.6819 Landm: 0.3654 || LR: 0.00100000 || Batchtime: 0.0730 s || ETA: 5:12:13
Epoch:45/250 || Epochiter: 1250/1250 || Iter: 56250/312500 || Loc: 0.1464 Cla: 0.4467 Landm: 0.4844 || LR: 0.00100000 || Batchtime: 0.0688 s || ETA: 4:53:55
Epoch:46/250 || Epochiter: 250/1250 || Iter: 56500/312500 || Loc: 0.3077 Cla: 0.5945 Landm: 0.1707 || LR: 0.00100000 || Batchtime: 0.0556 s || ETA: 3:57:14
Epoch:46/250 || Epochiter: 500/1250 || Iter: 56750/312500 || Loc: 0.1786 Cla: 0.5656 Landm: 0.0000 || LR: 0.00100000 || Batchtime: 0.0818 s || ETA: 5:48:36
Epoch:46/250 || Epochiter: 750/1250 || Iter: 57000/312500 || Loc: 0.1861 Cla: 0.3729 Landm: 0.7977 || LR: 0.00100000 || Batchtime: 0.0844 s || ETA: 5:59:14
Epoch:46/250 || Epochiter: 1000/1250 || Iter: 57250/312500 || Loc: 0.2462 Cla: 0.5678 Landm: 0.0000 || LR: 0.00100000 || Batchtime: 0.0658 s || ETA: 4:39:56
Epoch:46/250 || Epochiter: 1250/1250 || Iter: 57500/312500 || Loc: 0.3444 Cla: 0.7855 Landm: 0.0000 || LR: 0.00100000 || Batchtime: 0.0656 s || ETA: 4:38:38
Epoch:47/250 || Epochiter: 250/1250 || Iter: 57750/312500 || Loc: 0.3249 Cla: 0.6503 Landm: 1.1767 || LR: 0.00100000 || Batchtime: 0.0680 s || ETA: 4:48:54
Epoch:47/250 || Epochiter: 500/1250 || Iter: 58000/312500 || Loc: 0.1427 Cla: 0.3530 Landm: 0.8884 || LR: 0.00100000 || Batchtime: 0.0617 s || ETA: 4:21:47
Epoch:47/250 || Epochiter: 750/1250 || Iter: 58250/312500 || Loc: 0.3407 Cla: 0.7212 Landm: 0.7729 || LR: 0.00100000 || Batchtime: 0.0682 s || ETA: 4:48:47
Epoch:47/250 || Epochiter: 1000/1250 || Iter: 58500/312500 || Loc: 0.3179 Cla: 0.8978 Landm: 0.0000 || LR: 0.00100000 || Batchtime: 0.0781 s || ETA: 5:30:38
Epoch:47/250 || Epochiter: 1250/1250 || Iter: 58750/312500 || Loc: 0.1808 Cla: 0.6604 Landm: 0.7214 || LR: 0.00100000 || Batchtime: 0.0761 s || ETA: 5:21:51
Epoch:48/250 || Epochiter: 250/1250 || Iter: 59000/312500 || Loc: 0.1717 Cla: 0.7453 Landm: 3.1258 || LR: 0.00100000 || Batchtime: 0.0713 s || ETA: 5:01:26
Epoch:48/250 || Epochiter: 500/1250 || Iter: 59250/312500 || Loc: 0.4631 Cla: 0.6848 Landm: 0.7491 || LR: 0.00100000 || Batchtime: 0.0692 s || ETA: 4:52:13
Epoch:48/250 || Epochiter: 750/1250 || Iter: 59500/312500 || Loc: 0.2123 Cla: 0.4523 Landm: 0.7426 || LR: 0.00100000 || Batchtime: 0.0560 s || ETA: 3:56:14
Epoch:48/250 || Epochiter: 1000/1250 || Iter: 59750/312500 || Loc: 0.2431 Cla: 0.7218 Landm: 1.0377 || LR: 0.00100000 || Batchtime: 0.0876 s || ETA: 6:08:59
Epoch:48/250 || Epochiter: 1250/1250 || Iter: 60000/312500 || Loc: 0.2146 Cla: 0.3722 Landm: 0.0000 || LR: 0.00100000 || Batchtime: 0.0734 s || ETA: 5:09:03
Epoch:49/250 || Epochiter: 250/1250 || Iter: 60250/312500 || Loc: 0.2913 Cla: 0.6138 Landm: 1.0031 || LR: 0.00100000 || Batchtime: 0.0622 s || ETA: 4:21:31
Epoch:49/250 || Epochiter: 500/1250 || Iter: 60500/312500 || Loc: 0.2572 Cla: 0.5449 Landm: 1.3402 || LR: 0.00100000 || Batchtime: 0.0636 s || ETA: 4:26:56
Epoch:49/250 || Epochiter: 750/1250 || Iter: 60750/312500 || Loc: 0.4068 Cla: 0.9703 Landm: 0.0000 || LR: 0.00100000 || Batchtime: 0.0725 s || ETA: 5:04:14
Epoch:49/250 || Epochiter: 1000/1250 || Iter: 61000/312500 || Loc: 0.1792 Cla: 0.7193 Landm: 1.0094 || LR: 0.00100000 || Batchtime: 0.0711 s || ETA: 4:58:14
Epoch:49/250 || Epochiter: 1250/1250 || Iter: 61250/312500 || Loc: 0.2080 Cla: 0.7652 Landm: 0.4038 || LR: 0.00100000 || Batchtime: 0.0637 s || ETA: 4:26:36
Epoch:50/250 || Epochiter: 250/1250 || Iter: 61500/312500 || Loc: 0.1807 Cla: 0.5695 Landm: 0.5453 || LR: 0.00100000 || Batchtime: 0.0591 s || ETA: 4:07:10
Epoch:50/250 || Epochiter: 500/1250 || Iter: 61750/312500 || Loc: 0.1712 Cla: 0.4966 Landm: 0.7921 || LR: 0.00100000 || Batchtime: 0.0693 s || ETA: 4:49:32
Epoch:50/250 || Epochiter: 750/1250 || Iter: 62000/312500 || Loc: 0.4304 Cla: 0.6772 Landm: 0.5637 || LR: 0.00100000 || Batchtime: 0.0549 s || ETA: 3:49:19
Epoch:50/250 || Epochiter: 1000/1250 || Iter: 62250/312500 || Loc: 0.3415 Cla: 0.5317 Landm: 0.0000 || LR: 0.00100000 || Batchtime: 0.0683 s || ETA: 4:44:58
Epoch:50/250 || Epochiter: 1250/1250 || Iter: 62500/312500 || Loc: 0.1350 Cla: 0.7059 Landm: 0.0000 || LR: 0.00100000 || Batchtime: 0.0564 s || ETA: 3:55:07
Epoch:51/250 || Epochiter: 250/1250 || Iter: 62750/312500 || Loc: 0.1932 Cla: 0.6865 Landm: 0.3301 || LR: 0.00100000 || Batchtime: 0.0671 s || ETA: 4:39:07
Epoch:51/250 || Epochiter: 500/1250 || Iter: 63000/312500 || Loc: 0.1326 Cla: 0.3478 Landm: 0.0000 || LR: 0.00100000 || Batchtime: 0.0709 s || ETA: 4:54:56
Epoch:51/250 || Epochiter: 750/1250 || Iter: 63250/312500 || Loc: 0.3990 Cla: 0.7672 Landm: 1.8240 || LR: 0.00100000 || Batchtime: 0.0679 s || ETA: 4:42:13
Epoch:51/250 || Epochiter: 1000/1250 || Iter: 63500/312500 || Loc: 0.1241 Cla: 0.3859 Landm: 0.8569 || LR: 0.00100000 || Batchtime: 0.0702 s || ETA: 4:51:29
Epoch:51/250 || Epochiter: 1250/1250 || Iter: 63750/312500 || Loc: 0.2869 Cla: 0.7310 Landm: 0.9044 || LR: 0.00100000 || Batchtime: 0.0655 s || ETA: 4:31:24
Epoch:52/250 || Epochiter: 250/1250 || Iter: 64000/312500 || Loc: 0.7211 Cla: 0.7491 Landm: 0.0000 || LR: 0.00100000 || Batchtime: 0.0689 s || ETA: 4:45:16
Epoch:52/250 || Epochiter: 500/1250 || Iter: 64250/312500 || Loc: 0.1612 Cla: 0.8791 Landm: 1.8461 || LR: 0.00100000 || Batchtime: 0.0748 s || ETA: 5:09:36
Epoch:52/250 || Epochiter: 750/1250 || Iter: 64500/312500 || Loc: 0.2555 Cla: 0.5268 Landm: 0.0000 || LR: 0.00100000 || Batchtime: 0.0655 s || ETA: 4:30:38
Epoch:52/250 || Epochiter: 1000/1250 || Iter: 64750/312500 || Loc: 0.2014 Cla: 0.6207 Landm: 0.5561 || LR: 0.00100000 || Batchtime: 0.0718 s || ETA: 4:56:28
Epoch:52/250 || Epochiter: 1250/1250 || Iter: 65000/312500 || Loc: 0.2257 Cla: 0.8694 Landm: 0.7076 || LR: 0.00100000 || Batchtime: 0.0726 s || ETA: 4:59:26
Epoch:53/250 || Epochiter: 250/1250 || Iter: 65250/312500 || Loc: 0.2119 Cla: 0.5421 Landm: 0.1896 || LR: 0.00100000 || Batchtime: 0.0507 s || ETA: 3:28:54
Epoch:53/250 || Epochiter: 500/1250 || Iter: 65500/312500 || Loc: 0.3706 Cla: 1.1030 Landm: 0.0000 || LR: 0.00100000 || Batchtime: 0.0798 s || ETA: 5:28:40
Epoch:53/250 || Epochiter: 750/1250 || Iter: 65750/312500 || Loc: 0.3130 Cla: 0.6027 Landm: 0.5695 || LR: 0.00100000 || Batchtime: 0.0729 s || ETA: 4:59:37
Epoch:53/250 || Epochiter: 1000/1250 || Iter: 66000/312500 || Loc: 0.1905 Cla: 0.5431 Landm: 0.8094 || LR: 0.00100000 || Batchtime: 0.0691 s || ETA: 4:44:02
Epoch:53/250 || Epochiter: 1250/1250 || Iter: 66250/312500 || Loc: 0.1997 Cla: 0.5395 Landm: 0.0000 || LR: 0.00100000 || Batchtime: 0.0596 s || ETA: 4:04:43
Epoch:54/250 || Epochiter: 250/1250 || Iter: 66500/312500 || Loc: 0.2766 Cla: 0.5477 Landm: 1.3558 || LR: 0.00100000 || Batchtime: 0.0613 s || ETA: 4:11:28
Epoch:54/250 || Epochiter: 500/1250 || Iter: 66750/312500 || Loc: 0.4896 Cla: 0.7286 Landm: 0.8582 || LR: 0.00100000 || Batchtime: 0.0663 s || ETA: 4:31:40
Epoch:54/250 || Epochiter: 750/1250 || Iter: 67000/312500 || Loc: 0.2042 Cla: 0.3032 Landm: 1.4141 || LR: 0.00100000 || Batchtime: 0.0736 s || ETA: 5:00:57
Epoch:54/250 || Epochiter: 1000/1250 || Iter: 67250/312500 || Loc: 0.4141 Cla: 0.6133 Landm: 0.3336 || LR: 0.00100000 || Batchtime: 0.0716 s || ETA: 4:52:42
Epoch:54/250 || Epochiter: 1250/1250 || Iter: 67500/312500 || Loc: 0.2275 Cla: 0.6100 Landm: 0.0000 || LR: 0.00100000 || Batchtime: 0.0621 s || ETA: 4:13:40
Epoch:55/250 || Epochiter: 250/1250 || Iter: 67750/312500 || Loc: 0.1680 Cla: 0.3798 Landm: 0.6251 || LR: 0.00100000 || Batchtime: 0.0697 s || ETA: 4:44:30
Epoch:55/250 || Epochiter: 500/1250 || Iter: 68000/312500 || Loc: 0.1628 Cla: 0.5705 Landm: 0.3951 || LR: 0.00100000 || Batchtime: 0.0658 s || ETA: 4:28:05
Epoch:55/250 || Epochiter: 750/1250 || Iter: 68250/312500 || Loc: 0.2997 Cla: 0.4785 Landm: 0.2536 || LR: 0.00100000 || Batchtime: 0.0615 s || ETA: 4:10:24
Epoch:55/250 || Epochiter: 1000/1250 || Iter: 68500/312500 || Loc: 0.1046 Cla: 0.3722 Landm: 1.5643 || LR: 0.00100000 || Batchtime: 0.0655 s || ETA: 4:26:20
Epoch:55/250 || Epochiter: 1250/1250 || Iter: 68750/312500 || Loc: 0.4135 Cla: 0.5759 Landm: 0.5664 || LR: 0.00100000 || Batchtime: 0.0819 s || ETA: 5:32:35
Epoch:56/250 || Epochiter: 250/1250 || Iter: 69000/312500 || Loc: 0.1606 Cla: 0.5330 Landm: 0.8189 || LR: 0.00100000 || Batchtime: 0.0658 s || ETA: 4:27:14
Epoch:56/250 || Epochiter: 500/1250 || Iter: 69250/312500 || Loc: 0.3723 Cla: 0.7383 Landm: 0.4195 || LR: 0.00100000 || Batchtime: 0.0681 s || ETA: 4:36:15
Epoch:56/250 || Epochiter: 750/1250 || Iter: 69500/312500 || Loc: 0.2921 Cla: 0.5473 Landm: 0.0000 || LR: 0.00100000 || Batchtime: 0.0902 s || ETA: 6:05:20
Epoch:56/250 || Epochiter: 1000/1250 || Iter: 69750/312500 || Loc: 0.1980 Cla: 0.4711 Landm: 0.2338 || LR: 0.00100000 || Batchtime: 0.0695 s || ETA: 4:41:10
Epoch:56/250 || Epochiter: 1250/1250 || Iter: 70000/312500 || Loc: 0.3766 Cla: 0.6648 Landm: 0.6842 || LR: 0.00100000 || Batchtime: 0.0575 s || ETA: 3:52:29
Epoch:57/250 || Epochiter: 250/1250 || Iter: 70250/312500 || Loc: 0.4693 Cla: 0.7589 Landm: 1.2107 || LR: 0.00100000 || Batchtime: 0.0687 s || ETA: 4:37:15
Epoch:57/250 || Epochiter: 500/1250 || Iter: 70500/312500 || Loc: 0.2971 Cla: 0.6653 Landm: 3.3911 || LR: 0.00100000 || Batchtime: 0.0717 s || ETA: 4:49:04
Epoch:57/250 || Epochiter: 750/1250 || Iter: 70750/312500 || Loc: 0.1924 Cla: 0.3279 Landm: 0.7101 || LR: 0.00100000 || Batchtime: 0.0742 s || ETA: 4:58:50
Epoch:57/250 || Epochiter: 1000/1250 || Iter: 71000/312500 || Loc: 0.2063 Cla: 0.6975 Landm: 0.7810 || LR: 0.00100000 || Batchtime: 0.0782 s || ETA: 5:14:44
Epoch:57/250 || Epochiter: 1250/1250 || Iter: 71250/312500 || Loc: 0.1025 Cla: 0.4393 Landm: 0.5961 || LR: 0.00100000 || Batchtime: 0.0631 s || ETA: 4:13:50
Epoch:58/250 || Epochiter: 250/1250 || Iter: 71500/312500 || Loc: 0.0987 Cla: 0.5265 Landm: 0.0000 || LR: 0.00100000 || Batchtime: 0.0645 s || ETA: 4:19:14
Epoch:58/250 || Epochiter: 500/1250 || Iter: 71750/312500 || Loc: 0.2193 Cla: 0.4984 Landm: 0.0000 || LR: 0.00100000 || Batchtime: 0.0624 s || ETA: 4:10:30
Epoch:58/250 || Epochiter: 750/1250 || Iter: 72000/312500 || Loc: 0.6155 Cla: 0.9908 Landm: 0.2893 || LR: 0.00100000 || Batchtime: 0.0701 s || ETA: 4:40:56
Epoch:58/250 || Epochiter: 1000/1250 || Iter: 72250/312500 || Loc: 0.2150 Cla: 0.6895 Landm: 0.0000 || LR: 0.00100000 || Batchtime: 0.0836 s || ETA: 5:34:50
Epoch:58/250 || Epochiter: 1250/1250 || Iter: 72500/312500 || Loc: 0.3508 Cla: 0.7782 Landm: 1.0642 || LR: 0.00100000 || Batchtime: 0.0643 s || ETA: 4:17:17
Epoch:59/250 || Epochiter: 250/1250 || Iter: 72750/312500 || Loc: 0.1881 Cla: 0.4833 Landm: 0.0000 || LR: 0.00100000 || Batchtime: 0.0636 s || ETA: 4:14:19
Epoch:59/250 || Epochiter: 500/1250 || Iter: 73000/312500 || Loc: 0.4141 Cla: 1.0626 Landm: 0.2978 || LR: 0.00100000 || Batchtime: 0.0774 s || ETA: 5:08:57
Epoch:59/250 || Epochiter: 750/1250 || Iter: 73250/312500 || Loc: 0.1444 Cla: 0.5104 Landm: 0.7841 || LR: 0.00100000 || Batchtime: 0.0738 s || ETA: 4:54:12
Epoch:59/250 || Epochiter: 1000/1250 || Iter: 73500/312500 || Loc: 0.1488 Cla: 0.3885 Landm: 0.3205 || LR: 0.00100000 || Batchtime: 0.0544 s || ETA: 3:36:34
Epoch:59/250 || Epochiter: 1250/1250 || Iter: 73750/312500 || Loc: 0.2137 Cla: 0.5073 Landm: 0.4124 || LR: 0.00100000 || Batchtime: 0.0684 s || ETA: 4:32:19
Epoch:60/250 || Epochiter: 250/1250 || Iter: 74000/312500 || Loc: 0.3627 Cla: 0.6501 Landm: 0.0000 || LR: 0.00100000 || Batchtime: 0.0563 s || ETA: 3:43:52
Epoch:60/250 || Epochiter: 500/1250 || Iter: 74250/312500 || Loc: 0.2342 Cla: 0.4638 Landm: 0.3576 || LR: 0.00100000 || Batchtime: 0.0825 s || ETA: 5:27:35
Epoch:60/250 || Epochiter: 750/1250 || Iter: 74500/312500 || Loc: 0.3681 Cla: 0.7799 Landm: 0.0000 || LR: 0.00100000 || Batchtime: 0.0699 s || ETA: 4:37:23
Epoch:60/250 || Epochiter: 1000/1250 || Iter: 74750/312500 || Loc: 0.2936 Cla: 0.5074 Landm: 0.8672 || LR: 0.00100000 || Batchtime: 0.0639 s || ETA: 4:13:01
Epoch:60/250 || Epochiter: 1250/1250 || Iter: 75000/312500 || Loc: 0.2596 Cla: 0.6670 Landm: 0.0000 || LR: 0.00100000 || Batchtime: 0.0703 s || ETA: 4:38:24
Epoch:61/250 || Epochiter: 250/1250 || Iter: 75250/312500 || Loc: 0.2138 Cla: 0.7511 Landm: 0.3282 || LR: 0.00100000 || Batchtime: 0.0808 s || ETA: 5:19:39
Epoch:61/250 || Epochiter: 500/1250 || Iter: 75500/312500 || Loc: 0.2904 Cla: 1.0562 Landm: 0.1937 || LR: 0.00100000 || Batchtime: 0.0770 s || ETA: 5:04:06
Epoch:61/250 || Epochiter: 750/1250 || Iter: 75750/312500 || Loc: 0.1588 Cla: 0.3609 Landm: 0.4346 || LR: 0.00100000 || Batchtime: 0.0708 s || ETA: 4:39:17
Epoch:61/250 || Epochiter: 1000/1250 || Iter: 76000/312500 || Loc: 0.5426 Cla: 0.7839 Landm: 0.8449 || LR: 0.00100000 || Batchtime: 0.0620 s || ETA: 4:04:12
Epoch:61/250 || Epochiter: 1250/1250 || Iter: 76250/312500 || Loc: 0.1395 Cla: 0.6905 Landm: 0.6750 || LR: 0.00100000 || Batchtime: 0.0820 s || ETA: 5:22:42
Epoch:62/250 || Epochiter: 250/1250 || Iter: 76500/312500 || Loc: 0.2412 Cla: 0.4678 Landm: 0.9246 || LR: 0.00100000 || Batchtime: 0.0618 s || ETA: 4:03:08
Epoch:62/250 || Epochiter: 500/1250 || Iter: 76750/312500 || Loc: 0.1847 Cla: 0.4532 Landm: 0.4951 || LR: 0.00100000 || Batchtime: 0.0552 s || ETA: 3:36:55
Epoch:62/250 || Epochiter: 750/1250 || Iter: 77000/312500 || Loc: 0.1512 Cla: 0.4181 Landm: 0.0000 || LR: 0.00100000 || Batchtime: 0.0653 s || ETA: 4:16:12
Epoch:62/250 || Epochiter: 1000/1250 || Iter: 77250/312500 || Loc: 0.1992 Cla: 0.6510 Landm: 1.0593 || LR: 0.00100000 || Batchtime: 0.0737 s || ETA: 4:48:51
Epoch:62/250 || Epochiter: 1250/1250 || Iter: 77500/312500 || Loc: 0.3479 Cla: 0.4036 Landm: 0.4309 || LR: 0.00100000 || Batchtime: 0.0684 s || ETA: 4:28:05
Epoch:63/250 || Epochiter: 250/1250 || Iter: 77750/312500 || Loc: 0.1558 Cla: 0.8730 Landm: 4.0962 || LR: 0.00100000 || Batchtime: 0.0663 s || ETA: 4:19:25
Epoch:63/250 || Epochiter: 500/1250 || Iter: 78000/312500 || Loc: 0.2844 Cla: 0.4305 Landm: 0.8410 || LR: 0.00100000 || Batchtime: 0.0586 s || ETA: 3:48:53
Epoch:63/250 || Epochiter: 750/1250 || Iter: 78250/312500 || Loc: 0.2528 Cla: 0.4537 Landm: 0.8125 || LR: 0.00100000 || Batchtime: 0.0636 s || ETA: 4:08:19
Epoch:63/250 || Epochiter: 1000/1250 || Iter: 78500/312500 || Loc: 0.3210 Cla: 0.8772 Landm: 0.3320 || LR: 0.00100000 || Batchtime: 0.0985 s || ETA: 6:24:14
Epoch:63/250 || Epochiter: 1250/1250 || Iter: 78750/312500 || Loc: 0.1902 Cla: 0.7984 Landm: 0.0000 || LR: 0.00100000 || Batchtime: 0.0565 s || ETA: 3:40:14
Epoch:64/250 || Epochiter: 250/1250 || Iter: 79000/312500 || Loc: 0.3156 Cla: 0.5106 Landm: 0.0000 || LR: 0.00100000 || Batchtime: 0.0728 s || ETA: 4:43:26
Epoch:64/250 || Epochiter: 500/1250 || Iter: 79250/312500 || Loc: 0.5223 Cla: 0.7848 Landm: 0.0000 || LR: 0.00100000 || Batchtime: 0.0645 s || ETA: 4:10:48
Epoch:64/250 || Epochiter: 750/1250 || Iter: 79500/312500 || Loc: 0.2071 Cla: 0.4949 Landm: 0.0000 || LR: 0.00100000 || Batchtime: 0.0603 s || ETA: 3:54:02
Epoch:64/250 || Epochiter: 1000/1250 || Iter: 79750/312500 || Loc: 0.4672 Cla: 1.0586 Landm: 0.3821 || LR: 0.00100000 || Batchtime: 0.0803 s || ETA: 5:11:24
Epoch:64/250 || Epochiter: 1250/1250 || Iter: 80000/312500 || Loc: 0.0475 Cla: 0.3248 Landm: 0.4580 || LR: 0.00100000 || Batchtime: 0.0632 s || ETA: 4:04:56
Epoch:65/250 || Epochiter: 250/1250 || Iter: 80250/312500 || Loc: 0.1222 Cla: 0.3271 Landm: 0.1422 || LR: 0.00100000 || Batchtime: 0.0682 s || ETA: 4:24:06
Epoch:65/250 || Epochiter: 500/1250 || Iter: 80500/312500 || Loc: 0.1816 Cla: 0.5679 Landm: 0.4302 || LR: 0.00100000 || Batchtime: 0.0789 s || ETA: 5:05:07
Epoch:65/250 || Epochiter: 750/1250 || Iter: 80750/312500 || Loc: 0.1567 Cla: 0.5074 Landm: 0.3739 || LR: 0.00100000 || Batchtime: 0.0625 s || ETA: 4:01:34
Epoch:65/250 || Epochiter: 1000/1250 || Iter: 81000/312500 || Loc: 0.1839 Cla: 0.4086 Landm: 0.2836 || LR: 0.00100000 || Batchtime: 0.0784 s || ETA: 5:02:34
Epoch:65/250 || Epochiter: 1250/1250 || Iter: 81250/312500 || Loc: 0.2214 Cla: 0.4653 Landm: 0.7165 || LR: 0.00100000 || Batchtime: 0.0606 s || ETA: 3:53:28
Epoch:66/250 || Epochiter: 250/1250 || Iter: 81500/312500 || Loc: 0.1317 Cla: 0.4298 Landm: 0.0000 || LR: 0.00100000 || Batchtime: 0.0686 s || ETA: 4:24:11
Epoch:66/250 || Epochiter: 500/1250 || Iter: 81750/312500 || Loc: 0.2446 Cla: 0.4511 Landm: 0.7105 || LR: 0.00100000 || Batchtime: 0.0709 s || ETA: 4:32:51
Epoch:66/250 || Epochiter: 750/1250 || Iter: 82000/312500 || Loc: 0.2482 Cla: 0.7044 Landm: 0.0000 || LR: 0.00100000 || Batchtime: 0.0707 s || ETA: 4:31:38
Epoch:66/250 || Epochiter: 1000/1250 || Iter: 82250/312500 || Loc: 0.2586 Cla: 1.4044 Landm: 1.0270 || LR: 0.00100000 || Batchtime: 0.0915 s || ETA: 5:51:11
Epoch:66/250 || Epochiter: 1250/1250 || Iter: 82500/312500 || Loc: 0.1316 Cla: 0.7223 Landm: 0.9600 || LR: 0.00100000 || Batchtime: 0.0770 s || ETA: 4:54:58
Epoch:67/250 || Epochiter: 250/1250 || Iter: 82750/312500 || Loc: 0.2015 Cla: 0.5524 Landm: 0.4814 || LR: 0.00100000 || Batchtime: 0.0714 s || ETA: 4:33:27
Epoch:67/250 || Epochiter: 500/1250 || Iter: 83000/312500 || Loc: 0.1750 Cla: 0.6500 Landm: 1.2887 || LR: 0.00100000 || Batchtime: 0.0765 s || ETA: 4:52:30
Epoch:67/250 || Epochiter: 750/1250 || Iter: 83250/312500 || Loc: 0.2553 Cla: 0.4482 Landm: 0.5735 || LR: 0.00100000 || Batchtime: 0.0695 s || ETA: 4:25:42
Epoch:67/250 || Epochiter: 1000/1250 || Iter: 83500/312500 || Loc: 0.3637 Cla: 0.6006 Landm: 0.7503 || LR: 0.00100000 || Batchtime: 0.0655 s || ETA: 4:10:09
Epoch:67/250 || Epochiter: 1250/1250 || Iter: 83750/312500 || Loc: 0.3796 Cla: 0.4661 Landm: 0.5818 || LR: 0.00100000 || Batchtime: 0.0497 s || ETA: 3:09:31
Epoch:68/250 || Epochiter: 250/1250 || Iter: 84000/312500 || Loc: 0.1517 Cla: 0.3975 Landm: 1.8347 || LR: 0.00100000 || Batchtime: 0.0673 s || ETA: 4:16:14
Epoch:68/250 || Epochiter: 500/1250 || Iter: 84250/312500 || Loc: 0.2616 Cla: 0.4842 Landm: 0.3578 || LR: 0.00100000 || Batchtime: 0.0736 s || ETA: 4:39:51
Epoch:68/250 || Epochiter: 750/1250 || Iter: 84500/312500 || Loc: 0.2089 Cla: 0.4104 Landm: 0.4618 || LR: 0.00100000 || Batchtime: 0.0613 s || ETA: 3:52:55
Epoch:68/250 || Epochiter: 1000/1250 || Iter: 84750/312500 || Loc: 0.1133 Cla: 0.5788 Landm: 0.0000 || LR: 0.00100000 || Batchtime: 0.0657 s || ETA: 4:09:17
Epoch:68/250 || Epochiter: 1250/1250 || Iter: 85000/312500 || Loc: 0.1508 Cla: 0.6214 Landm: 0.3577 || LR: 0.00100000 || Batchtime: 0.0777 s || ETA: 4:54:41
Epoch:69/250 || Epochiter: 250/1250 || Iter: 85250/312500 || Loc: 0.1251 Cla: 0.3348 Landm: 0.8368 || LR: 0.00100000 || Batchtime: 0.0617 s || ETA: 3:53:48
Epoch:69/250 || Epochiter: 500/1250 || Iter: 85500/312500 || Loc: 0.0871 Cla: 0.4151 Landm: 0.0000 || LR: 0.00100000 || Batchtime: 0.0762 s || ETA: 4:48:21
Epoch:69/250 || Epochiter: 750/1250 || Iter: 85750/312500 || Loc: 0.2432 Cla: 0.4671 Landm: 0.5686 || LR: 0.00100000 || Batchtime: 0.0713 s || ETA: 4:29:36
Epoch:69/250 || Epochiter: 1000/1250 || Iter: 86000/312500 || Loc: 0.2258 Cla: 0.5229 Landm: 0.6543 || LR: 0.00100000 || Batchtime: 0.0594 s || ETA: 3:44:06
Epoch:69/250 || Epochiter: 1250/1250 || Iter: 86250/312500 || Loc: 0.2929 Cla: 0.6883 Landm: 0.0000 || LR: 0.00100000 || Batchtime: 0.0551 s || ETA: 3:27:52
Epoch:70/250 || Epochiter: 250/1250 || Iter: 86500/312500 || Loc: 0.1715 Cla: 0.5454 Landm: 0.4871 || LR: 0.00100000 || Batchtime: 0.0786 s || ETA: 4:55:53
Epoch:70/250 || Epochiter: 500/1250 || Iter: 86750/312500 || Loc: 0.1933 Cla: 0.5174 Landm: 0.0000 || LR: 0.00100000 || Batchtime: 0.0606 s || ETA: 3:48:09
Epoch:70/250 || Epochiter: 750/1250 || Iter: 87000/312500 || Loc: 0.3866 Cla: 0.4894 Landm: 0.3577 || LR: 0.00100000 || Batchtime: 0.0803 s || ETA: 5:01:39
Epoch:70/250 || Epochiter: 1000/1250 || Iter: 87250/312500 || Loc: 0.2971 Cla: 0.8469 Landm: 0.0000 || LR: 0.00100000 || Batchtime: 0.0756 s || ETA: 4:43:44
Epoch:70/250 || Epochiter: 1250/1250 || Iter: 87500/312500 || Loc: 0.1485 Cla: 0.5607 Landm: 0.4412 || LR: 0.00100000 || Batchtime: 0.0748 s || ETA: 4:40:22
Epoch:71/250 || Epochiter: 250/1250 || Iter: 87750/312500 || Loc: 0.2650 Cla: 0.3588 Landm: 2.1968 || LR: 0.00100000 || Batchtime: 0.0724 s || ETA: 4:31:09
Epoch:71/250 || Epochiter: 500/1250 || Iter: 88000/312500 || Loc: 0.3762 Cla: 0.6102 Landm: 0.0000 || LR: 0.00100000 || Batchtime: 0.0824 s || ETA: 5:08:19
Epoch:71/250 || Epochiter: 750/1250 || Iter: 88250/312500 || Loc: 0.2163 Cla: 0.6174 Landm: 0.9397 || LR: 0.00100000 || Batchtime: 0.0563 s || ETA: 3:30:17
Epoch:71/250 || Epochiter: 1000/1250 || Iter: 88500/312500 || Loc: 0.2006 Cla: 0.7214 Landm: 0.5237 || LR: 0.00100000 || Batchtime: 0.0653 s || ETA: 4:03:57
Epoch:71/250 || Epochiter: 1250/1250 || Iter: 88750/312500 || Loc: 0.1886 Cla: 0.6879 Landm: 0.0000 || LR: 0.00100000 || Batchtime: 0.0611 s || ETA: 3:47:43
Epoch:72/250 || Epochiter: 250/1250 || Iter: 89000/312500 || Loc: 0.2148 Cla: 0.5971 Landm: 0.0000 || LR: 0.00100000 || Batchtime: 0.0531 s || ETA: 3:17:42
Epoch:72/250 || Epochiter: 500/1250 || Iter: 89250/312500 || Loc: 0.1768 Cla: 0.3394 Landm: 0.0000 || LR: 0.00100000 || Batchtime: 0.0685 s || ETA: 4:14:43
Epoch:72/250 || Epochiter: 750/1250 || Iter: 89500/312500 || Loc: 0.2801 Cla: 0.5737 Landm: 0.6678 || LR: 0.00100000 || Batchtime: 0.0706 s || ETA: 4:22:31
Epoch:72/250 || Epochiter: 1000/1250 || Iter: 89750/312500 || Loc: 0.1252 Cla: 0.6039 Landm: 0.3129 || LR: 0.00100000 || Batchtime: 0.0701 s || ETA: 4:20:15
Epoch:72/250 || Epochiter: 1250/1250 || Iter: 90000/312500 || Loc: 0.2661 Cla: 0.7377 Landm: 0.3622 || LR: 0.00100000 || Batchtime: 0.0665 s || ETA: 4:06:27
Epoch:73/250 || Epochiter: 250/1250 || Iter: 90250/312500 || Loc: 0.2129 Cla: 0.6611 Landm: 0.4145 || LR: 0.00100000 || Batchtime: 0.0746 s || ETA: 4:36:26
Epoch:73/250 || Epochiter: 500/1250 || Iter: 90500/312500 || Loc: 0.0879 Cla: 0.3099 Landm: 0.3133 || LR: 0.00100000 || Batchtime: 0.0689 s || ETA: 4:14:48
Epoch:73/250 || Epochiter: 750/1250 || Iter: 90750/312500 || Loc: 0.1742 Cla: 0.6604 Landm: 0.0000 || LR: 0.00100000 || Batchtime: 0.0774 s || ETA: 4:46:03
Epoch:73/250 || Epochiter: 1000/1250 || Iter: 91000/312500 || Loc: 0.2832 Cla: 0.7324 Landm: 0.2511 || LR: 0.00100000 || Batchtime: 0.0592 s || ETA: 3:38:25
Epoch:73/250 || Epochiter: 1250/1250 || Iter: 91250/312500 || Loc: 0.0852 Cla: 0.5222 Landm: 0.7361 || LR: 0.00100000 || Batchtime: 0.0540 s || ETA: 3:18:57
Epoch:74/250 || Epochiter: 250/1250 || Iter: 91500/312500 || Loc: 0.2207 Cla: 0.8114 Landm: 0.6570 || LR: 0.00100000 || Batchtime: 0.0885 s || ETA: 5:25:55
Epoch:74/250 || Epochiter: 500/1250 || Iter: 91750/312500 || Loc: 0.1695 Cla: 0.4498 Landm: 0.5254 || LR: 0.00100000 || Batchtime: 0.0869 s || ETA: 5:19:52
Epoch:74/250 || Epochiter: 750/1250 || Iter: 92000/312500 || Loc: 0.3435 Cla: 0.4984 Landm: 3.3081 || LR: 0.00100000 || Batchtime: 0.0832 s || ETA: 5:05:45
Epoch:74/250 || Epochiter: 1000/1250 || Iter: 92250/312500 || Loc: 0.2645 Cla: 0.6371 Landm: 0.0000 || LR: 0.00100000 || Batchtime: 0.0764 s || ETA: 4:40:37
Epoch:74/250 || Epochiter: 1250/1250 || Iter: 92500/312500 || Loc: 0.1895 Cla: 0.5401 Landm: 1.1729 || LR: 0.00100000 || Batchtime: 0.0639 s || ETA: 3:54:16
Epoch:75/250 || Epochiter: 250/1250 || Iter: 92750/312500 || Loc: 0.1065 Cla: 0.5050 Landm: 0.1763 || LR: 0.00100000 || Batchtime: 0.1058 s || ETA: 6:27:22
Epoch:75/250 || Epochiter: 500/1250 || Iter: 93000/312500 || Loc: 0.3852 Cla: 0.6080 Landm: 0.6006 || LR: 0.00100000 || Batchtime: 0.0670 s || ETA: 4:05:02
Epoch:75/250 || Epochiter: 750/1250 || Iter: 93250/312500 || Loc: 0.2409 Cla: 0.8434 Landm: 2.0853 || LR: 0.00100000 || Batchtime: 0.0666 s || ETA: 4:03:11
Epoch:75/250 || Epochiter: 1000/1250 || Iter: 93500/312500 || Loc: 0.2027 Cla: 0.7743 Landm: 0.2883 || LR: 0.00100000 || Batchtime: 0.0729 s || ETA: 4:26:11
Epoch:75/250 || Epochiter: 1250/1250 || Iter: 93750/312500 || Loc: 0.3406 Cla: 0.8047 Landm: 0.2353 || LR: 0.00100000 || Batchtime: 0.0641 s || ETA: 3:53:41
Epoch:76/250 || Epochiter: 250/1250 || Iter: 94000/312500 || Loc: 0.1883 Cla: 0.4343 Landm: 0.2443 || LR: 0.00100000 || Batchtime: 0.0735 s || ETA: 4:27:39
Epoch:76/250 || Epochiter: 500/1250 || Iter: 94250/312500 || Loc: 0.4723 Cla: 0.7379 Landm: 0.9155 || LR: 0.00100000 || Batchtime: 0.0693 s || ETA: 4:12:10
Epoch:76/250 || Epochiter: 750/1250 || Iter: 94500/312500 || Loc: 0.2042 Cla: 0.6839 Landm: 0.8337 || LR: 0.00100000 || Batchtime: 0.0703 s || ETA: 4:15:26
Epoch:76/250 || Epochiter: 1000/1250 || Iter: 94750/312500 || Loc: 0.1786 Cla: 0.7999 Landm: 0.0000 || LR: 0.00100000 || Batchtime: 0.0810 s || ETA: 4:53:57
Epoch:76/250 || Epochiter: 1250/1250 || Iter: 95000/312500 || Loc: 0.4349 Cla: 0.7437 Landm: 0.3229 || LR: 0.00100000 || Batchtime: 0.0641 s || ETA: 3:52:26
Epoch:77/250 || Epochiter: 250/1250 || Iter: 95250/312500 || Loc: 0.3334 Cla: 0.6061 Landm: 0.5772 || LR: 0.00100000 || Batchtime: 0.0817 s || ETA: 4:55:38
Epoch:77/250 || Epochiter: 500/1250 || Iter: 95500/312500 || Loc: 0.0819 Cla: 0.4353 Landm: 0.4789 || LR: 0.00100000 || Batchtime: 0.0743 s || ETA: 4:28:40
Epoch:77/250 || Epochiter: 750/1250 || Iter: 95750/312500 || Loc: 0.2182 Cla: 0.5548 Landm: 0.6400 || LR: 0.00100000 || Batchtime: 0.0707 s || ETA: 4:15:27
Epoch:77/250 || Epochiter: 1000/1250 || Iter: 96000/312500 || Loc: 0.2216 Cla: 0.5844 Landm: 0.4082 || LR: 0.00100000 || Batchtime: 0.0733 s || ETA: 4:24:24
Epoch:77/250 || Epochiter: 1250/1250 || Iter: 96250/312500 || Loc: 0.2736 Cla: 0.8579 Landm: 0.0000 || LR: 0.00100000 || Batchtime: 0.0708 s || ETA: 4:15:08
Epoch:78/250 || Epochiter: 250/1250 || Iter: 96500/312500 || Loc: 0.3049 Cla: 0.4722 Landm: 0.0000 || LR: 0.00100000 || Batchtime: 0.0597 s || ETA: 3:34:47
Epoch:78/250 || Epochiter: 500/1250 || Iter: 96750/312500 || Loc: 0.2047 Cla: 0.4673 Landm: 0.5598 || LR: 0.00100000 || Batchtime: 0.0722 s || ETA: 4:19:46
Epoch:78/250 || Epochiter: 750/1250 || Iter: 97000/312500 || Loc: 0.2210 Cla: 0.7396 Landm: 0.1752 || LR: 0.00100000 || Batchtime: 0.0959 s || ETA: 5:44:35
Epoch:78/250 || Epochiter: 1000/1250 || Iter: 97250/312500 || Loc: 0.2783 Cla: 0.5815 Landm: 0.8236 || LR: 0.00100000 || Batchtime: 0.0682 s || ETA: 4:04:43
Epoch:78/250 || Epochiter: 1250/1250 || Iter: 97500/312500 || Loc: 0.1955 Cla: 0.7345 Landm: 2.1660 || LR: 0.00100000 || Batchtime: 0.0585 s || ETA: 3:29:29
Epoch:79/250 || Epochiter: 250/1250 || Iter: 97750/312500 || Loc: 0.3930 Cla: 0.8182 Landm: 0.0000 || LR: 0.00100000 || Batchtime: 0.0668 s || ETA: 3:59:14
Epoch:79/250 || Epochiter: 500/1250 || Iter: 98000/312500 || Loc: 0.1189 Cla: 0.5045 Landm: 0.0000 || LR: 0.00100000 || Batchtime: 0.0709 s || ETA: 4:13:33
Epoch:79/250 || Epochiter: 750/1250 || Iter: 98250/312500 || Loc: 0.1813 Cla: 0.7292 Landm: 0.0000 || LR: 0.00100000 || Batchtime: 0.0758 s || ETA: 4:30:31
Epoch:79/250 || Epochiter: 1000/1250 || Iter: 98500/312500 || Loc: 0.1465 Cla: 0.4844 Landm: 0.1551 || LR: 0.00100000 || Batchtime: 0.0620 s || ETA: 3:41:14
Epoch:79/250 || Epochiter: 1250/1250 || Iter: 98750/312500 || Loc: 0.1306 Cla: 0.4223 Landm: 0.0000 || LR: 0.00100000 || Batchtime: 0.0576 s || ETA: 3:25:18
Epoch:80/250 || Epochiter: 250/1250 || Iter: 99000/312500 || Loc: 0.1298 Cla: 0.6591 Landm: 0.4849 || LR: 0.00100000 || Batchtime: 0.0772 s || ETA: 4:34:34
Epoch:80/250 || Epochiter: 500/1250 || Iter: 99250/312500 || Loc: 0.3114 Cla: 0.5826 Landm: 0.6309 || LR: 0.00100000 || Batchtime: 0.0739 s || ETA: 4:22:32
Epoch:80/250 || Epochiter: 750/1250 || Iter: 99500/312500 || Loc: 0.4814 Cla: 1.1802 Landm: 0.7022 || LR: 0.00100000 || Batchtime: 0.0621 s || ETA: 3:40:19
Epoch:80/250 || Epochiter: 1000/1250 || Iter: 99750/312500 || Loc: 0.2261 Cla: 0.5288 Landm: 0.5222 || LR: 0.00100000 || Batchtime: 0.0681 s || ETA: 4:01:37
Epoch:80/250 || Epochiter: 1250/1250 || Iter: 100000/312500 || Loc: 0.1094 Cla: 0.2089 Landm: 0.2896 || LR: 0.00100000 || Batchtime: 0.0641 s || ETA: 3:46:58
Epoch:81/250 || Epochiter: 250/1250 || Iter: 100250/312500 || Loc: 0.1793 Cla: 0.4394 Landm: 0.9178 || LR: 0.00100000 || Batchtime: 0.0864 s || ETA: 5:05:43
Epoch:81/250 || Epochiter: 500/1250 || Iter: 100500/312500 || Loc: 0.2447 Cla: 0.5778 Landm: 0.5269 || LR: 0.00100000 || Batchtime: 0.0775 s || ETA: 4:33:52
Epoch:81/250 || Epochiter: 750/1250 || Iter: 100750/312500 || Loc: 0.3050 Cla: 0.5787 Landm: 1.0376 || LR: 0.00100000 || Batchtime: 0.0789 s || ETA: 4:38:26
Epoch:81/250 || Epochiter: 1000/1250 || Iter: 101000/312500 || Loc: 0.1187 Cla: 0.3649 Landm: 0.7571 || LR: 0.00100000 || Batchtime: 0.0805 s || ETA: 4:43:47
Epoch:81/250 || Epochiter: 1250/1250 || Iter: 101250/312500 || Loc: 0.2066 Cla: 0.6461 Landm: 0.2681 || LR: 0.00100000 || Batchtime: 0.0634 s || ETA: 3:43:08
Epoch:82/250 || Epochiter: 250/1250 || Iter: 101500/312500 || Loc: 0.2987 Cla: 0.6988 Landm: 0.0000 || LR: 0.00100000 || Batchtime: 0.0599 s || ETA: 3:30:37
Epoch:82/250 || Epochiter: 500/1250 || Iter: 101750/312500 || Loc: 0.1403 Cla: 0.4980 Landm: 0.0000 || LR: 0.00100000 || Batchtime: 0.0891 s || ETA: 5:12:58
Epoch:82/250 || Epochiter: 750/1250 || Iter: 102000/312500 || Loc: 0.1456 Cla: 0.4716 Landm: 0.2262 || LR: 0.00100000 || Batchtime: 0.0609 s || ETA: 3:33:36
Epoch:82/250 || Epochiter: 1000/1250 || Iter: 102250/312500 || Loc: 0.0844 Cla: 0.4573 Landm: 0.2715 || LR: 0.00100000 || Batchtime: 0.0686 s || ETA: 4:00:31
Epoch:82/250 || Epochiter: 1250/1250 || Iter: 102500/312500 || Loc: 0.1189 Cla: 0.4144 Landm: 0.3507 || LR: 0.00100000 || Batchtime: 0.0757 s || ETA: 4:25:03
Epoch:83/250 || Epochiter: 250/1250 || Iter: 102750/312500 || Loc: 0.3445 Cla: 0.7507 Landm: 0.4012 || LR: 0.00100000 || Batchtime: 0.0713 s || ETA: 4:09:23
Epoch:83/250 || Epochiter: 500/1250 || Iter: 103000/312500 || Loc: 0.2598 Cla: 0.4805 Landm: 1.0576 || LR: 0.00100000 || Batchtime: 0.0694 s || ETA: 4:02:23
Epoch:83/250 || Epochiter: 750/1250 || Iter: 103250/312500 || Loc: 0.1331 Cla: 0.4523 Landm: 0.0000 || LR: 0.00100000 || Batchtime: 0.0801 s || ETA: 4:39:13
Epoch:83/250 || Epochiter: 1000/1250 || Iter: 103500/312500 || Loc: 0.2421 Cla: 0.4525 Landm: 0.0000 || LR: 0.00100000 || Batchtime: 0.0721 s || ETA: 4:11:08
Epoch:83/250 || Epochiter: 1250/1250 || Iter: 103750/312500 || Loc: 0.3675 Cla: 0.6471 Landm: 0.0000 || LR: 0.00100000 || Batchtime: 0.0572 s || ETA: 3:18:59
Epoch:84/250 || Epochiter: 250/1250 || Iter: 104000/312500 || Loc: 0.2894 Cla: 0.5774 Landm: 1.0815 || LR: 0.00100000 || Batchtime: 0.0703 s || ETA: 4:04:26
Epoch:84/250 || Epochiter: 500/1250 || Iter: 104250/312500 || Loc: 0.1272 Cla: 0.3802 Landm: 0.4960 || LR: 0.00100000 || Batchtime: 0.0713 s || ETA: 4:07:34
Epoch:84/250 || Epochiter: 750/1250 || Iter: 104500/312500 || Loc: 0.2339 Cla: 0.6067 Landm: 0.3323 || LR: 0.00100000 || Batchtime: 0.0847 s || ETA: 4:53:45
Epoch:84/250 || Epochiter: 1000/1250 || Iter: 104750/312500 || Loc: 0.3684 Cla: 0.5805 Landm: 0.4102 || LR: 0.00100000 || Batchtime: 0.0709 s || ETA: 4:05:34
Epoch:84/250 || Epochiter: 1250/1250 || Iter: 105000/312500 || Loc: 0.3698 Cla: 0.7556 Landm: 0.2109 || LR: 0.00100000 || Batchtime: 0.0668 s || ETA: 3:50:51
Epoch:85/250 || Epochiter: 250/1250 || Iter: 105250/312500 || Loc: 0.1258 Cla: 0.3297 Landm: 0.0000 || LR: 0.00100000 || Batchtime: 0.0791 s || ETA: 4:33:11
Epoch:85/250 || Epochiter: 500/1250 || Iter: 105500/312500 || Loc: 0.0792 Cla: 0.2259 Landm: 0.6080 || LR: 0.00100000 || Batchtime: 0.0608 s || ETA: 3:29:47
Epoch:85/250 || Epochiter: 750/1250 || Iter: 105750/312500 || Loc: 0.2312 Cla: 0.7929 Landm: 0.0000 || LR: 0.00100000 || Batchtime: 0.0605 s || ETA: 3:28:24
Epoch:85/250 || Epochiter: 1000/1250 || Iter: 106000/312500 || Loc: 0.1886 Cla: 0.6075 Landm: 0.7230 || LR: 0.00100000 || Batchtime: 0.0842 s || ETA: 4:49:57
Epoch:85/250 || Epochiter: 1250/1250 || Iter: 106250/312500 || Loc: 0.3844 Cla: 0.6148 Landm: 0.0000 || LR: 0.00100000 || Batchtime: 0.0562 s || ETA: 3:13:03
Epoch:86/250 || Epochiter: 250/1250 || Iter: 106500/312500 || Loc: 0.3882 Cla: 0.6422 Landm: 1.0371 || LR: 0.00100000 || Batchtime: 0.0821 s || ETA: 4:41:43
Epoch:86/250 || Epochiter: 500/1250 || Iter: 106750/312500 || Loc: 0.3347 Cla: 0.5358 Landm: 0.4105 || LR: 0.00100000 || Batchtime: 0.0690 s || ETA: 3:56:41
Epoch:86/250 || Epochiter: 750/1250 || Iter: 107000/312500 || Loc: 0.4549 Cla: 0.6779 Landm: 8.7070 || LR: 0.00100000 || Batchtime: 0.0692 s || ETA: 3:57:06
Epoch:86/250 || Epochiter: 1000/1250 || Iter: 107250/312500 || Loc: 0.2051 Cla: 0.5177 Landm: 0.6698 || LR: 0.00100000 || Batchtime: 0.0617 s || ETA: 3:31:12
Epoch:86/250 || Epochiter: 1250/1250 || Iter: 107500/312500 || Loc: 0.1972 Cla: 0.4064 Landm: 0.0000 || LR: 0.00100000 || Batchtime: 0.0627 s || ETA: 3:34:09
Epoch:87/250 || Epochiter: 250/1250 || Iter: 107750/312500 || Loc: 0.1475 Cla: 0.3610 Landm: 1.5518 || LR: 0.00100000 || Batchtime: 0.0812 s || ETA: 4:36:59
Epoch:87/250 || Epochiter: 500/1250 || Iter: 108000/312500 || Loc: 0.2488 Cla: 0.6040 Landm: 0.0000 || LR: 0.00100000 || Batchtime: 0.0665 s || ETA: 3:46:29
Epoch:87/250 || Epochiter: 750/1250 || Iter: 108250/312500 || Loc: 0.2517 Cla: 0.7727 Landm: 1.2386 || LR: 0.00100000 || Batchtime: 0.0697 s || ETA: 3:57:18
Epoch:87/250 || Epochiter: 1000/1250 || Iter: 108500/312500 || Loc: 0.2517 Cla: 0.4614 Landm: 0.5019 || LR: 0.00100000 || Batchtime: 0.0579 s || ETA: 3:16:41
Epoch:87/250 || Epochiter: 1250/1250 || Iter: 108750/312500 || Loc: 0.1153 Cla: 0.5950 Landm: 0.6774 || LR: 0.00100000 || Batchtime: 0.0535 s || ETA: 3:01:42
Epoch:88/250 || Epochiter: 250/1250 || Iter: 109000/312500 || Loc: 0.2177 Cla: 0.3776 Landm: 0.4150 || LR: 0.00100000 || Batchtime: 0.0810 s || ETA: 4:34:42
Epoch:88/250 || Epochiter: 500/1250 || Iter: 109250/312500 || Loc: 0.1345 Cla: 0.4025 Landm: 0.3883 || LR: 0.00100000 || Batchtime: 0.0655 s || ETA: 3:41:44
Epoch:88/250 || Epochiter: 750/1250 || Iter: 109500/312500 || Loc: 0.2048 Cla: 0.6145 Landm: 1.4175 || LR: 0.00100000 || Batchtime: 0.0861 s || ETA: 4:51:14
Epoch:88/250 || Epochiter: 1000/1250 || Iter: 109750/312500 || Loc: 0.2740 Cla: 0.6281 Landm: 0.3031 || LR: 0.00100000 || Batchtime: 0.0592 s || ETA: 3:20:04
Epoch:88/250 || Epochiter: 1250/1250 || Iter: 110000/312500 || Loc: 0.1373 Cla: 0.3320 Landm: 0.2072 || LR: 0.00100000 || Batchtime: 0.0645 s || ETA: 3:37:42
Epoch:89/250 || Epochiter: 250/1250 || Iter: 110250/312500 || Loc: 0.2481 Cla: 1.0553 Landm: 0.4734 || LR: 0.00100000 || Batchtime: 0.0671 s || ETA: 3:46:13
Epoch:89/250 || Epochiter: 500/1250 || Iter: 110500/312500 || Loc: 0.3270 Cla: 0.6381 Landm: 0.4386 || LR: 0.00100000 || Batchtime: 0.0666 s || ETA: 3:44:03
Epoch:89/250 || Epochiter: 750/1250 || Iter: 110750/312500 || Loc: 0.1918 Cla: 0.7955 Landm: 0.0000 || LR: 0.00100000 || Batchtime: 0.0780 s || ETA: 4:22:24
Epoch:89/250 || Epochiter: 1000/1250 || Iter: 111000/312500 || Loc: 0.2942 Cla: 0.6603 Landm: 0.8119 || LR: 0.00100000 || Batchtime: 0.0650 s || ETA: 3:38:20
Epoch:89/250 || Epochiter: 1250/1250 || Iter: 111250/312500 || Loc: 0.1954 Cla: 0.4317 Landm: 0.0000 || LR: 0.00100000 || Batchtime: 0.0649 s || ETA: 3:37:37
Epoch:90/250 || Epochiter: 250/1250 || Iter: 111500/312500 || Loc: 0.3655 Cla: 0.5906 Landm: 0.0000 || LR: 0.00100000 || Batchtime: 0.0843 s || ETA: 4:42:19
Epoch:90/250 || Epochiter: 500/1250 || Iter: 111750/312500 || Loc: 0.1394 Cla: 0.3496 Landm: 0.0000 || LR: 0.00100000 || Batchtime: 0.0650 s || ETA: 3:37:19
Epoch:90/250 || Epochiter: 750/1250 || Iter: 112000/312500 || Loc: 0.3409 Cla: 0.5762 Landm: 0.0000 || LR: 0.00100000 || Batchtime: 0.0738 s || ETA: 4:06:37
Epoch:90/250 || Epochiter: 1000/1250 || Iter: 112250/312500 || Loc: 0.3090 Cla: 0.6345 Landm: 0.7585 || LR: 0.00100000 || Batchtime: 0.0734 s || ETA: 4:04:56
Epoch:90/250 || Epochiter: 1250/1250 || Iter: 112500/312500 || Loc: 0.3961 Cla: 0.7873 Landm: 0.0000 || LR: 0.00100000 || Batchtime: 0.0580 s || ETA: 3:13:22
Epoch:91/250 || Epochiter: 250/1250 || Iter: 112750/312500 || Loc: 0.2772 Cla: 0.4940 Landm: 0.0000 || LR: 0.00100000 || Batchtime: 0.0737 s || ETA: 4:05:17
Epoch:91/250 || Epochiter: 500/1250 || Iter: 113000/312500 || Loc: 0.2895 Cla: 0.7844 Landm: 0.0000 || LR: 0.00100000 || Batchtime: 0.0767 s || ETA: 4:15:03
Epoch:91/250 || Epochiter: 750/1250 || Iter: 113250/312500 || Loc: 0.0897 Cla: 0.5346 Landm: 0.9566 || LR: 0.00100000 || Batchtime: 0.0789 s || ETA: 4:22:08
Epoch:91/250 || Epochiter: 1000/1250 || Iter: 113500/312500 || Loc: 0.1674 Cla: 0.6142 Landm: 1.3998 || LR: 0.00100000 || Batchtime: 0.0731 s || ETA: 4:02:29
Epoch:91/250 || Epochiter: 1250/1250 || Iter: 113750/312500 || Loc: 0.1846 Cla: 0.6166 Landm: 0.6148 || LR: 0.00100000 || Batchtime: 0.0688 s || ETA: 3:48:00
Epoch:92/250 || Epochiter: 250/1250 || Iter: 114000/312500 || Loc: 0.1955 Cla: 0.6276 Landm: 0.3751 || LR: 0.00100000 || Batchtime: 0.0565 s || ETA: 3:06:47
Epoch:92/250 || Epochiter: 500/1250 || Iter: 114250/312500 || Loc: 0.2489 Cla: 0.5677 Landm: 0.0000 || LR: 0.00100000 || Batchtime: 0.0908 s || ETA: 4:59:51
Epoch:92/250 || Epochiter: 750/1250 || Iter: 114500/312500 || Loc: 0.1246 Cla: 0.5208 Landm: 0.9325 || LR: 0.00100000 || Batchtime: 0.0685 s || ETA: 3:45:54
Traceback (most recent call last):
  File "Pytorch_Retinaface/train.py", line 169, in <module>
    train()
  File "Pytorch_Retinaface/train.py", line 134, in train
    out = net(images)
  File "/opt/conda/lib/python3.7/site-packages/torch/nn/modules/module.py", line 1130, in _call_impl
    return forward_call(*input, **kwargs)
  File "/work/Pytorch_Retinaface/models/retinaface.py", line 108, in forward
    out = self.body(inputs)
  File "/opt/conda/lib/python3.7/site-packages/torch/nn/modules/module.py", line 1130, in _call_impl
    return forward_call(*input, **kwargs)
  File "/opt/conda/lib/python3.7/site-packages/torchvision/models/_utils.py", line 69, in forward
    x = module(x)
  File "/opt/conda/lib/python3.7/site-packages/torch/nn/modules/module.py", line 1130, in _call_impl
    return forward_call(*input, **kwargs)
  File "/opt/conda/lib/python3.7/site-packages/torch/nn/modules/container.py", line 139, in forward
    input = module(input)
  File "/opt/conda/lib/python3.7/site-packages/torch/nn/modules/module.py", line 1130, in _call_impl
    return forward_call(*input, **kwargs)
  File "/opt/conda/lib/python3.7/site-packages/torch/nn/modules/container.py", line 139, in forward
    input = module(input)
  File "/opt/conda/lib/python3.7/site-packages/torch/nn/modules/module.py", line 1130, in _call_impl
    return forward_call(*input, **kwargs)
  File "/opt/conda/lib/python3.7/site-packages/torch/nn/modules/batchnorm.py", line 179, in forward
    self.eps,
  File "/opt/conda/lib/python3.7/site-packages/torch/nn/functional.py", line 2439, in batch_norm
    input, weight, bias, running_mean, running_var, training, momentum, eps, torch.backends.cudnn.enabled
KeyboardInterrupt
